[0.714s] Invoking command in '/home/arepo/vsss_sim/bullet_ws/src/sim': PYTHONPATH=/home/arepo/vsss_sim/bullet_ws/build/sim/prefix_override:/usr/lib/python3/dist-packages/colcon_core/task/python/colcon_distutils_commands:/home/arepo/vsss_sim/bullet_ws/install/sim/lib/python3.10/site-packages:${PYTHONPATH} /usr/bin/python3 -W ignore:setup.py install is deprecated -W ignore:easy_install command is deprecated setup.py egg_info --egg-base ../../build/sim build --build-base /home/arepo/vsss_sim/bullet_ws/build/sim/build install --record /home/arepo/vsss_sim/bullet_ws/build/sim/install.log --single-version-externally-managed install_data
[0.911s] running egg_info
[0.925s] writing ../../build/sim/sim.egg-info/PKG-INFO
[0.925s] writing dependency_links to ../../build/sim/sim.egg-info/dependency_links.txt
[0.926s] writing entry points to ../../build/sim/sim.egg-info/entry_points.txt
[0.926s] writing requirements to ../../build/sim/sim.egg-info/requires.txt
[0.926s] writing top-level names to ../../build/sim/sim.egg-info/top_level.txt
[0.956s] reading manifest file '../../build/sim/sim.egg-info/SOURCES.txt'
[0.956s] adding license file 'LICENSE'
[0.957s] writing manifest file '../../build/sim/sim.egg-info/SOURCES.txt'
[0.957s] running build
[0.957s] running build_py
[0.957s] copying sim/gui.py -> /home/arepo/vsss_sim/bullet_ws/build/sim/build/lib/sim
[0.957s] running install
[0.961s] running install_lib
[0.977s] copying /home/arepo/vsss_sim/bullet_ws/build/sim/build/lib/sim/gui.py -> /home/arepo/vsss_sim/bullet_ws/install/sim/lib/python3.10/site-packages/sim
[0.978s] byte-compiling /home/arepo/vsss_sim/bullet_ws/install/sim/lib/python3.10/site-packages/sim/gui.py to gui.cpython-310.pyc
[0.981s] running install_data
[0.982s] running install_egg_info
[0.998s] removing '/home/arepo/vsss_sim/bullet_ws/install/sim/lib/python3.10/site-packages/sim-0.0.0-py3.10.egg-info' (and everything under it)
[0.999s] Copying ../../build/sim/sim.egg-info to /home/arepo/vsss_sim/bullet_ws/install/sim/lib/python3.10/site-packages/sim-0.0.0-py3.10.egg-info
[0.999s] running install_scripts
[1.153s] Installing comms script to /home/arepo/vsss_sim/bullet_ws/install/sim/lib/sim
[1.154s] Installing gui script to /home/arepo/vsss_sim/bullet_ws/install/sim/lib/sim
[1.154s] Installing sim script to /home/arepo/vsss_sim/bullet_ws/install/sim/lib/sim
[1.154s] Installing strat script to /home/arepo/vsss_sim/bullet_ws/install/sim/lib/sim
[1.154s] Installing tests script to /home/arepo/vsss_sim/bullet_ws/install/sim/lib/sim
[1.154s] Installing vision script to /home/arepo/vsss_sim/bullet_ws/install/sim/lib/sim
[1.154s] writing list of installed files to '/home/arepo/vsss_sim/bullet_ws/build/sim/install.log'
[1.182s] Invoked command in '/home/arepo/vsss_sim/bullet_ws/src/sim' returned '0': PYTHONPATH=/home/arepo/vsss_sim/bullet_ws/build/sim/prefix_override:/usr/lib/python3/dist-packages/colcon_core/task/python/colcon_distutils_commands:/home/arepo/vsss_sim/bullet_ws/install/sim/lib/python3.10/site-packages:${PYTHONPATH} /usr/bin/python3 -W ignore:setup.py install is deprecated -W ignore:easy_install command is deprecated setup.py egg_info --egg-base ../../build/sim build --build-base /home/arepo/vsss_sim/bullet_ws/build/sim/build install --record /home/arepo/vsss_sim/bullet_ws/build/sim/install.log --single-version-externally-managed install_data
