[0.690s] Invoking command in '/home/arepo/vsss_sim/bullet_ws/src/sim': PYTHONPATH=/home/arepo/vsss_sim/bullet_ws/build/sim/prefix_override:/usr/lib/python3/dist-packages/colcon_core/task/python/colcon_distutils_commands:/home/arepo/vsss_sim/bullet_ws/install/sim/lib/python3.10/site-packages:${PYTHONPATH} /usr/bin/python3 -W ignore:setup.py install is deprecated -W ignore:easy_install command is deprecated setup.py egg_info --egg-base ../../build/sim build --build-base /home/arepo/vsss_sim/bullet_ws/build/sim/build install --record /home/arepo/vsss_sim/bullet_ws/build/sim/install.log --single-version-externally-managed install_data
[0.885s] running egg_info
[0.899s] writing ../../build/sim/sim.egg-info/PKG-INFO
[0.899s] writing dependency_links to ../../build/sim/sim.egg-info/dependency_links.txt
[0.899s] writing entry points to ../../build/sim/sim.egg-info/entry_points.txt
[0.900s] writing requirements to ../../build/sim/sim.egg-info/requires.txt
[0.900s] writing top-level names to ../../build/sim/sim.egg-info/top_level.txt
[0.928s] reading manifest file '../../build/sim/sim.egg-info/SOURCES.txt'
[0.929s] adding license file 'LICENSE'
[0.929s] writing manifest file '../../build/sim/sim.egg-info/SOURCES.txt'
[0.929s] running build
[0.929s] running build_py
[0.930s] copying sim/bridge.py -> /home/arepo/vsss_sim/bullet_ws/build/sim/build/lib/sim
[0.930s] running install
[0.934s] running install_lib
[0.949s] copying /home/arepo/vsss_sim/bullet_ws/build/sim/build/lib/sim/bridge.py -> /home/arepo/vsss_sim/bullet_ws/install/sim/lib/python3.10/site-packages/sim
[0.949s] byte-compiling /home/arepo/vsss_sim/bullet_ws/install/sim/lib/python3.10/site-packages/sim/bridge.py to bridge.cpython-310.pyc
[0.949s]   File "/home/arepo/vsss_sim/bullet_ws/install/sim/lib/python3.10/site-packages/sim/bridge.py", line 19
[0.949s]     +ANGLE_DAMP_FACTOR = 3
[0.949s]     ^^^^^^^^^^^^^^^^^^
[0.949s] SyntaxError: cannot assign to expression here. Maybe you meant '==' instead of '='?
[0.949s] 
[0.949s] running install_data
[0.950s] running install_egg_info
[0.965s] removing '/home/arepo/vsss_sim/bullet_ws/install/sim/lib/python3.10/site-packages/sim-0.0.0-py3.10.egg-info' (and everything under it)
[0.965s] Copying ../../build/sim/sim.egg-info to /home/arepo/vsss_sim/bullet_ws/install/sim/lib/python3.10/site-packages/sim-0.0.0-py3.10.egg-info
[0.966s] running install_scripts
[1.113s] Installing bridge script to /home/arepo/vsss_sim/bullet_ws/install/sim/lib/sim
[1.113s] Installing comms script to /home/arepo/vsss_sim/bullet_ws/install/sim/lib/sim
[1.113s] Installing gui script to /home/arepo/vsss_sim/bullet_ws/install/sim/lib/sim
[1.113s] Installing sim script to /home/arepo/vsss_sim/bullet_ws/install/sim/lib/sim
[1.113s] Installing strat script to /home/arepo/vsss_sim/bullet_ws/install/sim/lib/sim
[1.113s] Installing stratmax script to /home/arepo/vsss_sim/bullet_ws/install/sim/lib/sim
[1.113s] Installing tests script to /home/arepo/vsss_sim/bullet_ws/install/sim/lib/sim
[1.114s] Installing vision script to /home/arepo/vsss_sim/bullet_ws/install/sim/lib/sim
[1.114s] writing list of installed files to '/home/arepo/vsss_sim/bullet_ws/build/sim/install.log'
[1.137s] Invoked command in '/home/arepo/vsss_sim/bullet_ws/src/sim' returned '0': PYTHONPATH=/home/arepo/vsss_sim/bullet_ws/build/sim/prefix_override:/usr/lib/python3/dist-packages/colcon_core/task/python/colcon_distutils_commands:/home/arepo/vsss_sim/bullet_ws/install/sim/lib/python3.10/site-packages:${PYTHONPATH} /usr/bin/python3 -W ignore:setup.py install is deprecated -W ignore:easy_install command is deprecated setup.py egg_info --egg-base ../../build/sim build --build-base /home/arepo/vsss_sim/bullet_ws/build/sim/build install --record /home/arepo/vsss_sim/bullet_ws/build/sim/install.log --single-version-externally-managed install_data
