[0.652s] Invoking command in '/home/arepo/vsss_sim/bullet_ws/src/sim': PYTHONPATH=/home/arepo/vsss_sim/bullet_ws/build/sim/prefix_override:/usr/lib/python3/dist-packages/colcon_core/task/python/colcon_distutils_commands:/home/arepo/vsss_sim/bullet_ws/install/sim/lib/python3.10/site-packages:${PYTHONPATH} /usr/bin/python3 -W ignore:setup.py install is deprecated -W ignore:easy_install command is deprecated setup.py egg_info --egg-base ../../build/sim build --build-base /home/arepo/vsss_sim/bullet_ws/build/sim/build install --record /home/arepo/vsss_sim/bullet_ws/build/sim/install.log --single-version-externally-managed install_data
[0.838s] running egg_info
[0.853s] writing ../../build/sim/sim.egg-info/PKG-INFO
[0.853s] writing dependency_links to ../../build/sim/sim.egg-info/dependency_links.txt
[0.853s] writing entry points to ../../build/sim/sim.egg-info/entry_points.txt
[0.854s] writing requirements to ../../build/sim/sim.egg-info/requires.txt
[0.854s] writing top-level names to ../../build/sim/sim.egg-info/top_level.txt
[0.885s] reading manifest file '../../build/sim/sim.egg-info/SOURCES.txt'
[0.885s] adding license file 'LICENSE'
[0.886s] writing manifest file '../../build/sim/sim.egg-info/SOURCES.txt'
[0.886s] running build
[0.886s] running build_py
[0.886s] copying sim/gui.py -> /home/arepo/vsss_sim/bullet_ws/build/sim/build/lib/sim
[0.886s] copying sim/vision.py -> /home/arepo/vsss_sim/bullet_ws/build/sim/build/lib/sim
[0.887s] running install
[0.890s] running install_lib
[0.905s] copying /home/arepo/vsss_sim/bullet_ws/build/sim/build/lib/sim/gui.py -> /home/arepo/vsss_sim/bullet_ws/install/sim/lib/python3.10/site-packages/sim
[0.905s] copying /home/arepo/vsss_sim/bullet_ws/build/sim/build/lib/sim/vision.py -> /home/arepo/vsss_sim/bullet_ws/install/sim/lib/python3.10/site-packages/sim
[0.906s] byte-compiling /home/arepo/vsss_sim/bullet_ws/install/sim/lib/python3.10/site-packages/sim/gui.py to gui.cpython-310.pyc
[0.908s] byte-compiling /home/arepo/vsss_sim/bullet_ws/install/sim/lib/python3.10/site-packages/sim/vision.py to vision.cpython-310.pyc
[0.912s] running install_data
[0.913s] running install_egg_info
[0.928s] removing '/home/arepo/vsss_sim/bullet_ws/install/sim/lib/python3.10/site-packages/sim-0.0.0-py3.10.egg-info' (and everything under it)
[0.928s] Copying ../../build/sim/sim.egg-info to /home/arepo/vsss_sim/bullet_ws/install/sim/lib/python3.10/site-packages/sim-0.0.0-py3.10.egg-info
[0.929s] running install_scripts
[1.074s] Installing comms script to /home/arepo/vsss_sim/bullet_ws/install/sim/lib/sim
[1.074s] Installing gui script to /home/arepo/vsss_sim/bullet_ws/install/sim/lib/sim
[1.075s] Installing sim script to /home/arepo/vsss_sim/bullet_ws/install/sim/lib/sim
[1.075s] Installing strat script to /home/arepo/vsss_sim/bullet_ws/install/sim/lib/sim
[1.075s] Installing tests script to /home/arepo/vsss_sim/bullet_ws/install/sim/lib/sim
[1.075s] Installing vision script to /home/arepo/vsss_sim/bullet_ws/install/sim/lib/sim
[1.075s] writing list of installed files to '/home/arepo/vsss_sim/bullet_ws/build/sim/install.log'
[1.094s] Invoked command in '/home/arepo/vsss_sim/bullet_ws/src/sim' returned '0': PYTHONPATH=/home/arepo/vsss_sim/bullet_ws/build/sim/prefix_override:/usr/lib/python3/dist-packages/colcon_core/task/python/colcon_distutils_commands:/home/arepo/vsss_sim/bullet_ws/install/sim/lib/python3.10/site-packages:${PYTHONPATH} /usr/bin/python3 -W ignore:setup.py install is deprecated -W ignore:easy_install command is deprecated setup.py egg_info --egg-base ../../build/sim build --build-base /home/arepo/vsss_sim/bullet_ws/build/sim/build install --record /home/arepo/vsss_sim/bullet_ws/build/sim/install.log --single-version-externally-managed install_data
