[0.677s] Invoking command in '/home/arepo/vsss_sim/bullet_ws/src/sim': PYTHONPATH=/home/arepo/vsss_sim/bullet_ws/build/sim/prefix_override:/usr/lib/python3/dist-packages/colcon_core/task/python/colcon_distutils_commands:/home/arepo/vsss_sim/bullet_ws/install/sim/lib/python3.10/site-packages:${PYTHONPATH} /usr/bin/python3 -W ignore:setup.py install is deprecated -W ignore:easy_install command is deprecated setup.py egg_info --egg-base ../../build/sim build --build-base /home/arepo/vsss_sim/bullet_ws/build/sim/build install --record /home/arepo/vsss_sim/bullet_ws/build/sim/install.log --single-version-externally-managed install_data
[0.878s] running egg_info
[0.893s] writing ../../build/sim/sim.egg-info/PKG-INFO
[0.893s] writing dependency_links to ../../build/sim/sim.egg-info/dependency_links.txt
[0.893s] writing entry points to ../../build/sim/sim.egg-info/entry_points.txt
[0.893s] writing requirements to ../../build/sim/sim.egg-info/requires.txt
[0.893s] writing top-level names to ../../build/sim/sim.egg-info/top_level.txt
[0.923s] reading manifest file '../../build/sim/sim.egg-info/SOURCES.txt'
[0.923s] adding license file 'LICENSE'
[0.924s] writing manifest file '../../build/sim/sim.egg-info/SOURCES.txt'
[0.924s] running build
[0.924s] running build_py
[0.924s] copying sim/strat.py -> /home/arepo/vsss_sim/bullet_ws/build/sim/build/lib/sim
[0.924s] copying sim/gui.py -> /home/arepo/vsss_sim/bullet_ws/build/sim/build/lib/sim
[0.925s] running install
[0.929s] running install_lib
[0.944s] copying /home/arepo/vsss_sim/bullet_ws/build/sim/build/lib/sim/strat.py -> /home/arepo/vsss_sim/bullet_ws/install/sim/lib/python3.10/site-packages/sim
[0.944s] copying /home/arepo/vsss_sim/bullet_ws/build/sim/build/lib/sim/gui.py -> /home/arepo/vsss_sim/bullet_ws/install/sim/lib/python3.10/site-packages/sim
[0.945s] byte-compiling /home/arepo/vsss_sim/bullet_ws/install/sim/lib/python3.10/site-packages/sim/strat.py to strat.cpython-310.pyc
[0.948s] byte-compiling /home/arepo/vsss_sim/bullet_ws/install/sim/lib/python3.10/site-packages/sim/gui.py to gui.cpython-310.pyc
[0.950s] running install_data
[0.951s] running install_egg_info
[0.967s] removing '/home/arepo/vsss_sim/bullet_ws/install/sim/lib/python3.10/site-packages/sim-0.0.0-py3.10.egg-info' (and everything under it)
[0.968s] Copying ../../build/sim/sim.egg-info to /home/arepo/vsss_sim/bullet_ws/install/sim/lib/python3.10/site-packages/sim-0.0.0-py3.10.egg-info
[0.968s] running install_scripts
[1.121s] Installing comms script to /home/arepo/vsss_sim/bullet_ws/install/sim/lib/sim
[1.121s] Installing gui script to /home/arepo/vsss_sim/bullet_ws/install/sim/lib/sim
[1.121s] Installing sim script to /home/arepo/vsss_sim/bullet_ws/install/sim/lib/sim
[1.121s] Installing strat script to /home/arepo/vsss_sim/bullet_ws/install/sim/lib/sim
[1.121s] Installing tests script to /home/arepo/vsss_sim/bullet_ws/install/sim/lib/sim
[1.121s] Installing vision script to /home/arepo/vsss_sim/bullet_ws/install/sim/lib/sim
[1.122s] writing list of installed files to '/home/arepo/vsss_sim/bullet_ws/build/sim/install.log'
[1.149s] Invoked command in '/home/arepo/vsss_sim/bullet_ws/src/sim' returned '0': PYTHONPATH=/home/arepo/vsss_sim/bullet_ws/build/sim/prefix_override:/usr/lib/python3/dist-packages/colcon_core/task/python/colcon_distutils_commands:/home/arepo/vsss_sim/bullet_ws/install/sim/lib/python3.10/site-packages:${PYTHONPATH} /usr/bin/python3 -W ignore:setup.py install is deprecated -W ignore:easy_install command is deprecated setup.py egg_info --egg-base ../../build/sim build --build-base /home/arepo/vsss_sim/bullet_ws/build/sim/build install --record /home/arepo/vsss_sim/bullet_ws/build/sim/install.log --single-version-externally-managed install_data
