[0.709s] Invoking command in '/home/arepo/vsss_sim/bullet_ws/src/sim': PYTHONPATH=/home/arepo/vsss_sim/bullet_ws/build/sim/prefix_override:/usr/lib/python3/dist-packages/colcon_core/task/python/colcon_distutils_commands:/home/arepo/vsss_sim/bullet_ws/install/sim/lib/python3.10/site-packages:${PYTHONPATH} /usr/bin/python3 -W ignore:setup.py install is deprecated -W ignore:easy_install command is deprecated setup.py egg_info --egg-base ../../build/sim build --build-base /home/arepo/vsss_sim/bullet_ws/build/sim/build install --record /home/arepo/vsss_sim/bullet_ws/build/sim/install.log --single-version-externally-managed install_data
[0.903s] running egg_info
[0.918s] writing ../../build/sim/sim.egg-info/PKG-INFO
[0.919s] writing dependency_links to ../../build/sim/sim.egg-info/dependency_links.txt
[0.919s] writing entry points to ../../build/sim/sim.egg-info/entry_points.txt
[0.919s] writing requirements to ../../build/sim/sim.egg-info/requires.txt
[0.919s] writing top-level names to ../../build/sim/sim.egg-info/top_level.txt
[0.950s] reading manifest file '../../build/sim/sim.egg-info/SOURCES.txt'
[0.950s] adding license file 'LICENSE'
[0.951s] writing manifest file '../../build/sim/sim.egg-info/SOURCES.txt'
[0.951s] running build
[0.951s] running build_py
[0.951s] copying sim/strat.py -> /home/arepo/vsss_sim/bullet_ws/build/sim/build/lib/sim
[0.952s] running install
[0.956s] running install_lib
[0.972s] copying /home/arepo/vsss_sim/bullet_ws/build/sim/build/lib/sim/strat.py -> /home/arepo/vsss_sim/bullet_ws/install/sim/lib/python3.10/site-packages/sim
[0.973s] byte-compiling /home/arepo/vsss_sim/bullet_ws/install/sim/lib/python3.10/site-packages/sim/strat.py to strat.cpython-310.pyc
[0.977s] running install_data
[0.978s] running install_egg_info
[0.995s] removing '/home/arepo/vsss_sim/bullet_ws/install/sim/lib/python3.10/site-packages/sim-0.0.0-py3.10.egg-info' (and everything under it)
[0.995s] Copying ../../build/sim/sim.egg-info to /home/arepo/vsss_sim/bullet_ws/install/sim/lib/python3.10/site-packages/sim-0.0.0-py3.10.egg-info
[0.996s] running install_scripts
[1.150s] Installing comms script to /home/arepo/vsss_sim/bullet_ws/install/sim/lib/sim
[1.150s] Installing gui script to /home/arepo/vsss_sim/bullet_ws/install/sim/lib/sim
[1.151s] Installing sim script to /home/arepo/vsss_sim/bullet_ws/install/sim/lib/sim
[1.151s] Installing strat script to /home/arepo/vsss_sim/bullet_ws/install/sim/lib/sim
[1.151s] Installing stratmax script to /home/arepo/vsss_sim/bullet_ws/install/sim/lib/sim
[1.151s] Installing tests script to /home/arepo/vsss_sim/bullet_ws/install/sim/lib/sim
[1.151s] Installing vision script to /home/arepo/vsss_sim/bullet_ws/install/sim/lib/sim
[1.151s] writing list of installed files to '/home/arepo/vsss_sim/bullet_ws/build/sim/install.log'
[1.175s] Invoked command in '/home/arepo/vsss_sim/bullet_ws/src/sim' returned '0': PYTHONPATH=/home/arepo/vsss_sim/bullet_ws/build/sim/prefix_override:/usr/lib/python3/dist-packages/colcon_core/task/python/colcon_distutils_commands:/home/arepo/vsss_sim/bullet_ws/install/sim/lib/python3.10/site-packages:${PYTHONPATH} /usr/bin/python3 -W ignore:setup.py install is deprecated -W ignore:easy_install command is deprecated setup.py egg_info --egg-base ../../build/sim build --build-base /home/arepo/vsss_sim/bullet_ws/build/sim/build install --record /home/arepo/vsss_sim/bullet_ws/build/sim/install.log --single-version-externally-managed install_data
