[0.748s] Invoking command in '/home/arepo/vsss_sim/bullet_ws/src/sim': PYTHONPATH=/home/arepo/vsss_sim/bullet_ws/build/sim/prefix_override:/usr/lib/python3/dist-packages/colcon_core/task/python/colcon_distutils_commands:/home/arepo/vsss_sim/bullet_ws/install/sim/lib/python3.10/site-packages:${PYTHONPATH} /usr/bin/python3 -W ignore:setup.py install is deprecated -W ignore:easy_install command is deprecated setup.py egg_info --egg-base ../../build/sim build --build-base /home/arepo/vsss_sim/bullet_ws/build/sim/build install --record /home/arepo/vsss_sim/bullet_ws/build/sim/install.log --single-version-externally-managed install_data
[0.952s] running egg_info
[0.968s] writing ../../build/sim/sim.egg-info/PKG-INFO
[0.968s] writing dependency_links to ../../build/sim/sim.egg-info/dependency_links.txt
[0.969s] writing entry points to ../../build/sim/sim.egg-info/entry_points.txt
[0.969s] writing requirements to ../../build/sim/sim.egg-info/requires.txt
[0.969s] writing top-level names to ../../build/sim/sim.egg-info/top_level.txt
[1.000s] reading manifest file '../../build/sim/sim.egg-info/SOURCES.txt'
[1.001s] adding license file 'LICENSE'
[1.001s] writing manifest file '../../build/sim/sim.egg-info/SOURCES.txt'
[1.001s] running build
[1.002s] running build_py
[1.002s] copying sim/gui.py -> /home/arepo/vsss_sim/bullet_ws/build/sim/build/lib/sim
[1.002s] running install
[1.006s] running install_lib
[1.021s] copying /home/arepo/vsss_sim/bullet_ws/build/sim/build/lib/sim/gui.py -> /home/arepo/vsss_sim/bullet_ws/install/sim/lib/python3.10/site-packages/sim
[1.022s] byte-compiling /home/arepo/vsss_sim/bullet_ws/install/sim/lib/python3.10/site-packages/sim/gui.py to gui.cpython-310.pyc
[1.026s] running install_data
[1.027s] running install_egg_info
[1.045s] removing '/home/arepo/vsss_sim/bullet_ws/install/sim/lib/python3.10/site-packages/sim-0.0.0-py3.10.egg-info' (and everything under it)
[1.045s] Copying ../../build/sim/sim.egg-info to /home/arepo/vsss_sim/bullet_ws/install/sim/lib/python3.10/site-packages/sim-0.0.0-py3.10.egg-info
[1.046s] running install_scripts
[1.207s] Installing comms script to /home/arepo/vsss_sim/bullet_ws/install/sim/lib/sim
[1.207s] Installing gui script to /home/arepo/vsss_sim/bullet_ws/install/sim/lib/sim
[1.207s] Installing sim script to /home/arepo/vsss_sim/bullet_ws/install/sim/lib/sim
[1.208s] Installing strat script to /home/arepo/vsss_sim/bullet_ws/install/sim/lib/sim
[1.208s] Installing tests script to /home/arepo/vsss_sim/bullet_ws/install/sim/lib/sim
[1.208s] Installing vision script to /home/arepo/vsss_sim/bullet_ws/install/sim/lib/sim
[1.208s] writing list of installed files to '/home/arepo/vsss_sim/bullet_ws/build/sim/install.log'
[1.233s] Invoked command in '/home/arepo/vsss_sim/bullet_ws/src/sim' returned '0': PYTHONPATH=/home/arepo/vsss_sim/bullet_ws/build/sim/prefix_override:/usr/lib/python3/dist-packages/colcon_core/task/python/colcon_distutils_commands:/home/arepo/vsss_sim/bullet_ws/install/sim/lib/python3.10/site-packages:${PYTHONPATH} /usr/bin/python3 -W ignore:setup.py install is deprecated -W ignore:easy_install command is deprecated setup.py egg_info --egg-base ../../build/sim build --build-base /home/arepo/vsss_sim/bullet_ws/build/sim/build install --record /home/arepo/vsss_sim/bullet_ws/build/sim/install.log --single-version-externally-managed install_data
