[0.680s] Invoking command in '/home/arepo/vsss_sim/bullet_ws/src/sim': PYTHONPATH=/home/arepo/vsss_sim/bullet_ws/build/sim/prefix_override:/usr/lib/python3/dist-packages/colcon_core/task/python/colcon_distutils_commands:/home/arepo/vsss_sim/bullet_ws/install/sim/lib/python3.10/site-packages:${PYTHONPATH} /usr/bin/python3 -W ignore:setup.py install is deprecated -W ignore:easy_install command is deprecated setup.py egg_info --egg-base ../../build/sim build --build-base /home/arepo/vsss_sim/bullet_ws/build/sim/build install --record /home/arepo/vsss_sim/bullet_ws/build/sim/install.log --single-version-externally-managed install_data
[0.866s] running egg_info
[0.880s] writing ../../build/sim/sim.egg-info/PKG-INFO
[0.880s] writing dependency_links to ../../build/sim/sim.egg-info/dependency_links.txt
[0.880s] writing entry points to ../../build/sim/sim.egg-info/entry_points.txt
[0.881s] writing requirements to ../../build/sim/sim.egg-info/requires.txt
[0.881s] writing top-level names to ../../build/sim/sim.egg-info/top_level.txt
[0.910s] reading manifest file '../../build/sim/sim.egg-info/SOURCES.txt'
[0.910s] adding license file 'LICENSE'
[0.911s] writing manifest file '../../build/sim/sim.egg-info/SOURCES.txt'
[0.911s] running build
[0.911s] running build_py
[0.912s] copying sim/bridge.py -> /home/arepo/vsss_sim/bullet_ws/build/sim/build/lib/sim
[0.912s] running install
[0.916s] running install_lib
[0.931s] copying /home/arepo/vsss_sim/bullet_ws/build/sim/build/lib/sim/bridge.py -> /home/arepo/vsss_sim/bullet_ws/install/sim/lib/python3.10/site-packages/sim
[0.931s] byte-compiling /home/arepo/vsss_sim/bullet_ws/install/sim/lib/python3.10/site-packages/sim/bridge.py to bridge.cpython-310.pyc
[0.933s] running install_data
[0.933s] running install_egg_info
[0.949s] removing '/home/arepo/vsss_sim/bullet_ws/install/sim/lib/python3.10/site-packages/sim-0.0.0-py3.10.egg-info' (and everything under it)
[0.949s] Copying ../../build/sim/sim.egg-info to /home/arepo/vsss_sim/bullet_ws/install/sim/lib/python3.10/site-packages/sim-0.0.0-py3.10.egg-info
[0.950s] running install_scripts
[1.096s] Installing bridge script to /home/arepo/vsss_sim/bullet_ws/install/sim/lib/sim
[1.097s] Installing comms script to /home/arepo/vsss_sim/bullet_ws/install/sim/lib/sim
[1.097s] Installing gui script to /home/arepo/vsss_sim/bullet_ws/install/sim/lib/sim
[1.097s] Installing sim script to /home/arepo/vsss_sim/bullet_ws/install/sim/lib/sim
[1.097s] Installing strat script to /home/arepo/vsss_sim/bullet_ws/install/sim/lib/sim
[1.097s] Installing stratmax script to /home/arepo/vsss_sim/bullet_ws/install/sim/lib/sim
[1.097s] Installing tests script to /home/arepo/vsss_sim/bullet_ws/install/sim/lib/sim
[1.097s] Installing vision script to /home/arepo/vsss_sim/bullet_ws/install/sim/lib/sim
[1.097s] writing list of installed files to '/home/arepo/vsss_sim/bullet_ws/build/sim/install.log'
[1.120s] Invoked command in '/home/arepo/vsss_sim/bullet_ws/src/sim' returned '0': PYTHONPATH=/home/arepo/vsss_sim/bullet_ws/build/sim/prefix_override:/usr/lib/python3/dist-packages/colcon_core/task/python/colcon_distutils_commands:/home/arepo/vsss_sim/bullet_ws/install/sim/lib/python3.10/site-packages:${PYTHONPATH} /usr/bin/python3 -W ignore:setup.py install is deprecated -W ignore:easy_install command is deprecated setup.py egg_info --egg-base ../../build/sim build --build-base /home/arepo/vsss_sim/bullet_ws/build/sim/build install --record /home/arepo/vsss_sim/bullet_ws/build/sim/install.log --single-version-externally-managed install_data
