[2.007s] Invoking command in '/home/arepo/vsss_sim/bullet_ws/src/sim': PYTHONPATH=/home/arepo/vsss_sim/bullet_ws/build/sim/prefix_override:/usr/lib/python3/dist-packages/colcon_core/task/python/colcon_distutils_commands:/home/arepo/vsss_sim/bullet_ws/install/sim/lib/python3.10/site-packages:${PYTHONPATH} /usr/bin/python3 -W ignore:setup.py install is deprecated -W ignore:easy_install command is deprecated setup.py egg_info --egg-base ../../build/sim build --build-base /home/arepo/vsss_sim/bullet_ws/build/sim/build install --record /home/arepo/vsss_sim/bullet_ws/build/sim/install.log --single-version-externally-managed install_data
[2.606s] running egg_info
[2.652s] writing ../../build/sim/sim.egg-info/PKG-INFO
[2.652s] writing dependency_links to ../../build/sim/sim.egg-info/dependency_links.txt
[2.653s] writing entry points to ../../build/sim/sim.egg-info/entry_points.txt
[2.653s] writing requirements to ../../build/sim/sim.egg-info/requires.txt
[2.654s] writing top-level names to ../../build/sim/sim.egg-info/top_level.txt
[2.747s] reading manifest file '../../build/sim/sim.egg-info/SOURCES.txt'
[2.747s] adding license file 'LICENSE'
[2.749s] writing manifest file '../../build/sim/sim.egg-info/SOURCES.txt'
[2.750s] running build
[2.750s] running build_py
[2.751s] copying sim/vision.py -> /home/arepo/vsss_sim/bullet_ws/build/sim/build/lib/sim
[2.752s] running install
[2.763s] running install_lib
[2.810s] copying /home/arepo/vsss_sim/bullet_ws/build/sim/build/lib/sim/vision.py -> /home/arepo/vsss_sim/bullet_ws/install/sim/lib/python3.10/site-packages/sim
[2.812s] byte-compiling /home/arepo/vsss_sim/bullet_ws/install/sim/lib/python3.10/site-packages/sim/vision.py to vision.cpython-310.pyc
[2.826s] running install_data
[2.828s] running install_egg_info
[2.876s] removing '/home/arepo/vsss_sim/bullet_ws/install/sim/lib/python3.10/site-packages/sim-0.0.0-py3.10.egg-info' (and everything under it)
[2.877s] Copying ../../build/sim/sim.egg-info to /home/arepo/vsss_sim/bullet_ws/install/sim/lib/python3.10/site-packages/sim-0.0.0-py3.10.egg-info
[2.879s] running install_scripts
[3.336s] Installing comms script to /home/arepo/vsss_sim/bullet_ws/install/sim/lib/sim
[3.337s] Installing gui script to /home/arepo/vsss_sim/bullet_ws/install/sim/lib/sim
[3.337s] Installing sim script to /home/arepo/vsss_sim/bullet_ws/install/sim/lib/sim
[3.338s] Installing strat script to /home/arepo/vsss_sim/bullet_ws/install/sim/lib/sim
[3.338s] Installing stratmax script to /home/arepo/vsss_sim/bullet_ws/install/sim/lib/sim
[3.339s] Installing tests script to /home/arepo/vsss_sim/bullet_ws/install/sim/lib/sim
[3.339s] Installing vision script to /home/arepo/vsss_sim/bullet_ws/install/sim/lib/sim
[3.340s] writing list of installed files to '/home/arepo/vsss_sim/bullet_ws/build/sim/install.log'
[3.388s] Invoked command in '/home/arepo/vsss_sim/bullet_ws/src/sim' returned '0': PYTHONPATH=/home/arepo/vsss_sim/bullet_ws/build/sim/prefix_override:/usr/lib/python3/dist-packages/colcon_core/task/python/colcon_distutils_commands:/home/arepo/vsss_sim/bullet_ws/install/sim/lib/python3.10/site-packages:${PYTHONPATH} /usr/bin/python3 -W ignore:setup.py install is deprecated -W ignore:easy_install command is deprecated setup.py egg_info --egg-base ../../build/sim build --build-base /home/arepo/vsss_sim/bullet_ws/build/sim/build install --record /home/arepo/vsss_sim/bullet_ws/build/sim/install.log --single-version-externally-managed install_data
