[0.881s] Invoking command in '/home/arepo/vsss_sim/bullet_ws/src/sim': PYTHONPATH=/home/arepo/vsss_sim/bullet_ws/build/sim/prefix_override:/usr/lib/python3/dist-packages/colcon_core/task/python/colcon_distutils_commands:/home/arepo/vsss_sim/bullet_ws/install/sim/lib/python3.10/site-packages:${PYTHONPATH} /usr/bin/python3 -W ignore:setup.py install is deprecated -W ignore:easy_install command is deprecated setup.py egg_info --egg-base ../../build/sim build --build-base /home/arepo/vsss_sim/bullet_ws/build/sim/build install --record /home/arepo/vsss_sim/bullet_ws/build/sim/install.log --single-version-externally-managed install_data
[1.125s] running egg_info
[1.147s] writing ../../build/sim/sim.egg-info/PKG-INFO
[1.147s] writing dependency_links to ../../build/sim/sim.egg-info/dependency_links.txt
[1.148s] writing entry points to ../../build/sim/sim.egg-info/entry_points.txt
[1.148s] writing requirements to ../../build/sim/sim.egg-info/requires.txt
[1.148s] writing top-level names to ../../build/sim/sim.egg-info/top_level.txt
[1.187s] reading manifest file '../../build/sim/sim.egg-info/SOURCES.txt'
[1.187s] adding license file 'LICENSE'
[1.188s] writing manifest file '../../build/sim/sim.egg-info/SOURCES.txt'
[1.188s] running build
[1.188s] running build_py
[1.188s] copying sim/strat.py -> /home/arepo/vsss_sim/bullet_ws/build/sim/build/lib/sim
[1.189s] running install
[1.193s] running install_lib
[1.209s] copying /home/arepo/vsss_sim/bullet_ws/build/sim/build/lib/sim/strat.py -> /home/arepo/vsss_sim/bullet_ws/install/sim/lib/python3.10/site-packages/sim
[1.210s] byte-compiling /home/arepo/vsss_sim/bullet_ws/install/sim/lib/python3.10/site-packages/sim/strat.py to strat.cpython-310.pyc
[1.215s] running install_data
[1.216s] running install_egg_info
[1.237s] removing '/home/arepo/vsss_sim/bullet_ws/install/sim/lib/python3.10/site-packages/sim-0.0.0-py3.10.egg-info' (and everything under it)
[1.237s] Copying ../../build/sim/sim.egg-info to /home/arepo/vsss_sim/bullet_ws/install/sim/lib/python3.10/site-packages/sim-0.0.0-py3.10.egg-info
[1.238s] running install_scripts
[1.426s] Installing comms script to /home/arepo/vsss_sim/bullet_ws/install/sim/lib/sim
[1.426s] Installing gui script to /home/arepo/vsss_sim/bullet_ws/install/sim/lib/sim
[1.426s] Installing sim script to /home/arepo/vsss_sim/bullet_ws/install/sim/lib/sim
[1.426s] Installing strat script to /home/arepo/vsss_sim/bullet_ws/install/sim/lib/sim
[1.427s] Installing tests script to /home/arepo/vsss_sim/bullet_ws/install/sim/lib/sim
[1.427s] Installing vision script to /home/arepo/vsss_sim/bullet_ws/install/sim/lib/sim
[1.427s] writing list of installed files to '/home/arepo/vsss_sim/bullet_ws/build/sim/install.log'
[1.471s] Invoked command in '/home/arepo/vsss_sim/bullet_ws/src/sim' returned '0': PYTHONPATH=/home/arepo/vsss_sim/bullet_ws/build/sim/prefix_override:/usr/lib/python3/dist-packages/colcon_core/task/python/colcon_distutils_commands:/home/arepo/vsss_sim/bullet_ws/install/sim/lib/python3.10/site-packages:${PYTHONPATH} /usr/bin/python3 -W ignore:setup.py install is deprecated -W ignore:easy_install command is deprecated setup.py egg_info --egg-base ../../build/sim build --build-base /home/arepo/vsss_sim/bullet_ws/build/sim/build install --record /home/arepo/vsss_sim/bullet_ws/build/sim/install.log --single-version-externally-managed install_data
