[0.711s] Invoking command in '/home/arepo/vsss_sim/bullet_ws/src/sim': PYTHONPATH=/home/arepo/vsss_sim/bullet_ws/build/sim/prefix_override:/usr/lib/python3/dist-packages/colcon_core/task/python/colcon_distutils_commands:/home/arepo/vsss_sim/bullet_ws/install/sim/lib/python3.10/site-packages:${PYTHONPATH} /usr/bin/python3 -W ignore:setup.py install is deprecated -W ignore:easy_install command is deprecated setup.py egg_info --egg-base ../../build/sim build --build-base /home/arepo/vsss_sim/bullet_ws/build/sim/build install --record /home/arepo/vsss_sim/bullet_ws/build/sim/install.log --single-version-externally-managed install_data
[0.912s] running egg_info
[0.927s] writing ../../build/sim/sim.egg-info/PKG-INFO
[0.927s] writing dependency_links to ../../build/sim/sim.egg-info/dependency_links.txt
[0.927s] writing entry points to ../../build/sim/sim.egg-info/entry_points.txt
[0.927s] writing requirements to ../../build/sim/sim.egg-info/requires.txt
[0.927s] writing top-level names to ../../build/sim/sim.egg-info/top_level.txt
[0.959s] reading manifest file '../../build/sim/sim.egg-info/SOURCES.txt'
[0.959s] adding license file 'LICENSE'
[0.960s] writing manifest file '../../build/sim/sim.egg-info/SOURCES.txt'
[0.960s] running build
[0.960s] running build_py
[0.961s] copying sim/gui.py -> /home/arepo/vsss_sim/bullet_ws/build/sim/build/lib/sim
[0.961s] running install
[0.965s] running install_lib
[0.981s] copying /home/arepo/vsss_sim/bullet_ws/build/sim/build/lib/sim/gui.py -> /home/arepo/vsss_sim/bullet_ws/install/sim/lib/python3.10/site-packages/sim
[0.982s] byte-compiling /home/arepo/vsss_sim/bullet_ws/install/sim/lib/python3.10/site-packages/sim/gui.py to gui.cpython-310.pyc
[0.986s] running install_data
[0.986s] running install_egg_info
[1.003s] removing '/home/arepo/vsss_sim/bullet_ws/install/sim/lib/python3.10/site-packages/sim-0.0.0-py3.10.egg-info' (and everything under it)
[1.003s] Copying ../../build/sim/sim.egg-info to /home/arepo/vsss_sim/bullet_ws/install/sim/lib/python3.10/site-packages/sim-0.0.0-py3.10.egg-info
[1.004s] running install_scripts
[1.164s] Installing comms script to /home/arepo/vsss_sim/bullet_ws/install/sim/lib/sim
[1.164s] Installing gui script to /home/arepo/vsss_sim/bullet_ws/install/sim/lib/sim
[1.164s] Installing sim script to /home/arepo/vsss_sim/bullet_ws/install/sim/lib/sim
[1.164s] Installing strat script to /home/arepo/vsss_sim/bullet_ws/install/sim/lib/sim
[1.164s] Installing stratmax script to /home/arepo/vsss_sim/bullet_ws/install/sim/lib/sim
[1.164s] Installing tests script to /home/arepo/vsss_sim/bullet_ws/install/sim/lib/sim
[1.164s] Installing vision script to /home/arepo/vsss_sim/bullet_ws/install/sim/lib/sim
[1.165s] writing list of installed files to '/home/arepo/vsss_sim/bullet_ws/build/sim/install.log'
[1.190s] Invoked command in '/home/arepo/vsss_sim/bullet_ws/src/sim' returned '0': PYTHONPATH=/home/arepo/vsss_sim/bullet_ws/build/sim/prefix_override:/usr/lib/python3/dist-packages/colcon_core/task/python/colcon_distutils_commands:/home/arepo/vsss_sim/bullet_ws/install/sim/lib/python3.10/site-packages:${PYTHONPATH} /usr/bin/python3 -W ignore:setup.py install is deprecated -W ignore:easy_install command is deprecated setup.py egg_info --egg-base ../../build/sim build --build-base /home/arepo/vsss_sim/bullet_ws/build/sim/build install --record /home/arepo/vsss_sim/bullet_ws/build/sim/install.log --single-version-externally-managed install_data
