[0.717s] Invoking command in '/home/arepo/vsss_sim/bullet_ws/src/sim': PYTHONPATH=/home/arepo/vsss_sim/bullet_ws/build/sim/prefix_override:/usr/lib/python3/dist-packages/colcon_core/task/python/colcon_distutils_commands:/home/arepo/vsss_sim/bullet_ws/install/sim/lib/python3.10/site-packages:${PYTHONPATH} /usr/bin/python3 -W ignore:setup.py install is deprecated -W ignore:easy_install command is deprecated setup.py egg_info --egg-base ../../build/sim build --build-base /home/arepo/vsss_sim/bullet_ws/build/sim/build install --record /home/arepo/vsss_sim/bullet_ws/build/sim/install.log --single-version-externally-managed install_data
[0.919s] running egg_info
[0.936s] writing ../../build/sim/sim.egg-info/PKG-INFO
[0.936s] writing dependency_links to ../../build/sim/sim.egg-info/dependency_links.txt
[0.936s] writing entry points to ../../build/sim/sim.egg-info/entry_points.txt
[0.936s] writing requirements to ../../build/sim/sim.egg-info/requires.txt
[0.937s] writing top-level names to ../../build/sim/sim.egg-info/top_level.txt
[0.968s] reading manifest file '../../build/sim/sim.egg-info/SOURCES.txt'
[0.969s] adding license file 'LICENSE'
[0.969s] writing manifest file '../../build/sim/sim.egg-info/SOURCES.txt'
[0.970s] running build
[0.970s] running build_py
[0.970s] copying sim/gui.py -> /home/arepo/vsss_sim/bullet_ws/build/sim/build/lib/sim
[0.970s] running install
[0.974s] running install_lib
[0.989s] copying /home/arepo/vsss_sim/bullet_ws/build/sim/build/lib/sim/gui.py -> /home/arepo/vsss_sim/bullet_ws/install/sim/lib/python3.10/site-packages/sim
[0.990s] byte-compiling /home/arepo/vsss_sim/bullet_ws/install/sim/lib/python3.10/site-packages/sim/gui.py to gui.cpython-310.pyc
[0.994s] running install_data
[0.994s] running install_egg_info
[1.011s] removing '/home/arepo/vsss_sim/bullet_ws/install/sim/lib/python3.10/site-packages/sim-0.0.0-py3.10.egg-info' (and everything under it)
[1.012s] Copying ../../build/sim/sim.egg-info to /home/arepo/vsss_sim/bullet_ws/install/sim/lib/python3.10/site-packages/sim-0.0.0-py3.10.egg-info
[1.013s] running install_scripts
[1.172s] Installing comms script to /home/arepo/vsss_sim/bullet_ws/install/sim/lib/sim
[1.172s] Installing gui script to /home/arepo/vsss_sim/bullet_ws/install/sim/lib/sim
[1.172s] Installing sim script to /home/arepo/vsss_sim/bullet_ws/install/sim/lib/sim
[1.173s] Installing strat script to /home/arepo/vsss_sim/bullet_ws/install/sim/lib/sim
[1.173s] Installing stratmax script to /home/arepo/vsss_sim/bullet_ws/install/sim/lib/sim
[1.173s] Installing tests script to /home/arepo/vsss_sim/bullet_ws/install/sim/lib/sim
[1.173s] Installing vision script to /home/arepo/vsss_sim/bullet_ws/install/sim/lib/sim
[1.173s] writing list of installed files to '/home/arepo/vsss_sim/bullet_ws/build/sim/install.log'
[1.196s] Invoked command in '/home/arepo/vsss_sim/bullet_ws/src/sim' returned '0': PYTHONPATH=/home/arepo/vsss_sim/bullet_ws/build/sim/prefix_override:/usr/lib/python3/dist-packages/colcon_core/task/python/colcon_distutils_commands:/home/arepo/vsss_sim/bullet_ws/install/sim/lib/python3.10/site-packages:${PYTHONPATH} /usr/bin/python3 -W ignore:setup.py install is deprecated -W ignore:easy_install command is deprecated setup.py egg_info --egg-base ../../build/sim build --build-base /home/arepo/vsss_sim/bullet_ws/build/sim/build install --record /home/arepo/vsss_sim/bullet_ws/build/sim/install.log --single-version-externally-managed install_data
