[0.801s] Invoking command in '/home/arepo/vsss_sim/bullet_ws/src/sim': PYTHONPATH=/home/arepo/vsss_sim/bullet_ws/build/sim/prefix_override:/usr/lib/python3/dist-packages/colcon_core/task/python/colcon_distutils_commands:/home/arepo/vsss_sim/bullet_ws/install/sim/lib/python3.10/site-packages:${PYTHONPATH} /usr/bin/python3 -W ignore:setup.py install is deprecated -W ignore:easy_install command is deprecated setup.py egg_info --egg-base ../../build/sim build --build-base /home/arepo/vsss_sim/bullet_ws/build/sim/build install --record /home/arepo/vsss_sim/bullet_ws/build/sim/install.log --single-version-externally-managed install_data
[1.021s] running egg_info
[1.038s] writing ../../build/sim/sim.egg-info/PKG-INFO
[1.038s] writing dependency_links to ../../build/sim/sim.egg-info/dependency_links.txt
[1.038s] writing entry points to ../../build/sim/sim.egg-info/entry_points.txt
[1.038s] writing requirements to ../../build/sim/sim.egg-info/requires.txt
[1.038s] writing top-level names to ../../build/sim/sim.egg-info/top_level.txt
[1.070s] reading manifest file '../../build/sim/sim.egg-info/SOURCES.txt'
[1.070s] adding license file 'LICENSE'
[1.071s] writing manifest file '../../build/sim/sim.egg-info/SOURCES.txt'
[1.071s] running build
[1.071s] running build_py
[1.072s] running install
[1.080s] running install_lib
[1.100s] running install_data
[1.101s] running install_egg_info
[1.117s] removing '/home/arepo/vsss_sim/bullet_ws/install/sim/lib/python3.10/site-packages/sim-0.0.0-py3.10.egg-info' (and everything under it)
[1.117s] Copying ../../build/sim/sim.egg-info to /home/arepo/vsss_sim/bullet_ws/install/sim/lib/python3.10/site-packages/sim-0.0.0-py3.10.egg-info
[1.118s] running install_scripts
[1.288s] Installing bridge script to /home/arepo/vsss_sim/bullet_ws/install/sim/lib/sim
[1.289s] Installing comms script to /home/arepo/vsss_sim/bullet_ws/install/sim/lib/sim
[1.289s] Installing gui script to /home/arepo/vsss_sim/bullet_ws/install/sim/lib/sim
[1.289s] Installing sim script to /home/arepo/vsss_sim/bullet_ws/install/sim/lib/sim
[1.289s] Installing strat script to /home/arepo/vsss_sim/bullet_ws/install/sim/lib/sim
[1.289s] Installing stratmax script to /home/arepo/vsss_sim/bullet_ws/install/sim/lib/sim
[1.289s] Installing tests script to /home/arepo/vsss_sim/bullet_ws/install/sim/lib/sim
[1.289s] Installing vision script to /home/arepo/vsss_sim/bullet_ws/install/sim/lib/sim
[1.289s] writing list of installed files to '/home/arepo/vsss_sim/bullet_ws/build/sim/install.log'
[1.311s] Invoked command in '/home/arepo/vsss_sim/bullet_ws/src/sim' returned '0': PYTHONPATH=/home/arepo/vsss_sim/bullet_ws/build/sim/prefix_override:/usr/lib/python3/dist-packages/colcon_core/task/python/colcon_distutils_commands:/home/arepo/vsss_sim/bullet_ws/install/sim/lib/python3.10/site-packages:${PYTHONPATH} /usr/bin/python3 -W ignore:setup.py install is deprecated -W ignore:easy_install command is deprecated setup.py egg_info --egg-base ../../build/sim build --build-base /home/arepo/vsss_sim/bullet_ws/build/sim/build install --record /home/arepo/vsss_sim/bullet_ws/build/sim/install.log --single-version-externally-managed install_data
