[0.889s] Invoking command in '/home/arepo/vsss_sim/bullet_ws/src/sim': PYTHONPATH=/home/arepo/vsss_sim/bullet_ws/build/sim/prefix_override:/usr/lib/python3/dist-packages/colcon_core/task/python/colcon_distutils_commands:/home/arepo/vsss_sim/bullet_ws/install/sim/lib/python3.10/site-packages:${PYTHONPATH} /usr/bin/python3 -W ignore:setup.py install is deprecated -W ignore:easy_install command is deprecated setup.py egg_info --egg-base ../../build/sim build --build-base /home/arepo/vsss_sim/bullet_ws/build/sim/build install --record /home/arepo/vsss_sim/bullet_ws/build/sim/install.log --single-version-externally-managed install_data
[1.128s] running egg_info
[1.145s] writing ../../build/sim/sim.egg-info/PKG-INFO
[1.145s] writing dependency_links to ../../build/sim/sim.egg-info/dependency_links.txt
[1.145s] writing entry points to ../../build/sim/sim.egg-info/entry_points.txt
[1.146s] writing requirements to ../../build/sim/sim.egg-info/requires.txt
[1.146s] writing top-level names to ../../build/sim/sim.egg-info/top_level.txt
[1.177s] reading manifest file '../../build/sim/sim.egg-info/SOURCES.txt'
[1.177s] adding license file 'LICENSE'
[1.178s] writing manifest file '../../build/sim/sim.egg-info/SOURCES.txt'
[1.178s] running build
[1.178s] running build_py
[1.178s] copying sim/strat.py -> /home/arepo/vsss_sim/bullet_ws/build/sim/build/lib/sim
[1.179s] running install
[1.183s] running install_lib
[1.202s] copying /home/arepo/vsss_sim/bullet_ws/build/sim/build/lib/sim/strat.py -> /home/arepo/vsss_sim/bullet_ws/install/sim/lib/python3.10/site-packages/sim
[1.202s] byte-compiling /home/arepo/vsss_sim/bullet_ws/install/sim/lib/python3.10/site-packages/sim/strat.py to strat.cpython-310.pyc
[1.206s] running install_data
[1.207s] running install_egg_info
[1.223s] removing '/home/arepo/vsss_sim/bullet_ws/install/sim/lib/python3.10/site-packages/sim-0.0.0-py3.10.egg-info' (and everything under it)
[1.224s] Copying ../../build/sim/sim.egg-info to /home/arepo/vsss_sim/bullet_ws/install/sim/lib/python3.10/site-packages/sim-0.0.0-py3.10.egg-info
[1.224s] running install_scripts
[1.388s] Installing comms script to /home/arepo/vsss_sim/bullet_ws/install/sim/lib/sim
[1.388s] Installing gui script to /home/arepo/vsss_sim/bullet_ws/install/sim/lib/sim
[1.388s] Installing sim script to /home/arepo/vsss_sim/bullet_ws/install/sim/lib/sim
[1.388s] Installing strat script to /home/arepo/vsss_sim/bullet_ws/install/sim/lib/sim
[1.388s] Installing stratmax script to /home/arepo/vsss_sim/bullet_ws/install/sim/lib/sim
[1.389s] Installing tests script to /home/arepo/vsss_sim/bullet_ws/install/sim/lib/sim
[1.389s] Installing vision script to /home/arepo/vsss_sim/bullet_ws/install/sim/lib/sim
[1.389s] writing list of installed files to '/home/arepo/vsss_sim/bullet_ws/build/sim/install.log'
[1.425s] Invoked command in '/home/arepo/vsss_sim/bullet_ws/src/sim' returned '0': PYTHONPATH=/home/arepo/vsss_sim/bullet_ws/build/sim/prefix_override:/usr/lib/python3/dist-packages/colcon_core/task/python/colcon_distutils_commands:/home/arepo/vsss_sim/bullet_ws/install/sim/lib/python3.10/site-packages:${PYTHONPATH} /usr/bin/python3 -W ignore:setup.py install is deprecated -W ignore:easy_install command is deprecated setup.py egg_info --egg-base ../../build/sim build --build-base /home/arepo/vsss_sim/bullet_ws/build/sim/build install --record /home/arepo/vsss_sim/bullet_ws/build/sim/install.log --single-version-externally-managed install_data
