[0.664s] Invoking command in '/home/arepo/vsss_sim/bullet_ws/src/sim': PYTHONPATH=/home/arepo/vsss_sim/bullet_ws/build/sim/prefix_override:/usr/lib/python3/dist-packages/colcon_core/task/python/colcon_distutils_commands:/home/arepo/vsss_sim/bullet_ws/install/sim/lib/python3.10/site-packages:${PYTHONPATH} /usr/bin/python3 -W ignore:setup.py install is deprecated -W ignore:easy_install command is deprecated setup.py egg_info --egg-base ../../build/sim build --build-base /home/arepo/vsss_sim/bullet_ws/build/sim/build install --record /home/arepo/vsss_sim/bullet_ws/build/sim/install.log --single-version-externally-managed install_data
[0.728s] Traceback (most recent call last):
[0.728s]   File "/home/arepo/vsss_sim/bullet_ws/src/sim/setup.py", line 1, in <module>
[0.728s]     from setuptools import setup
[0.728s]   File "/home/arepo/.local/lib/python3.10/site-packages/setuptools/__init__.py", line 17, in <module>
[0.728s]     from setuptools.dist import Distribution
[0.728s]   File "/home/arepo/.local/lib/python3.10/site-packages/setuptools/dist.py", line 37, in <module>
[0.728s]     from setuptools.config import setupcfg, pyprojecttoml
[0.728s]   File "/home/arepo/.local/lib/python3.10/site-packages/setuptools/config/__init__.py", line 8, in <module>
[0.728s]     from . import setupcfg
[0.728s]   File "/home/arepo/.local/lib/python3.10/site-packages/setuptools/config/setupcfg.py", line 33, in <module>
[0.728s]     from ..extern.packaging.markers import default_environment as marker_env
[0.728s]   File "/home/arepo/.local/lib/python3.10/site-packages/setuptools/_vendor/packaging/markers.py", line 11, in <module>
[0.729s]     from ._parser import MarkerAtom, MarkerList, Op, Value, Variable, parse_marker
[0.729s]   File "/home/arepo/.local/lib/python3.10/site-packages/setuptools/_vendor/packaging/_parser.py", line 10, in <module>
[0.729s]     from ._tokenizer import DEFAULT_RULES, Tokenizer
[0.729s]   File "/home/arepo/.local/lib/python3.10/site-packages/setuptools/_vendor/packaging/_tokenizer.py", line 6, in <module>
[0.729s]     from .specifiers import Specifier
[0.729s]   File "/home/arepo/.local/lib/python3.10/site-packages/setuptools/_vendor/packaging/specifiers.py", line 26, in <module>
[0.729s]     from .utils import canonicalize_version
[0.729s]   File "/home/arepo/.local/lib/python3.10/site-packages/setuptools/_vendor/packaging/utils.py", line 9, in <module>
[0.729s]     from .version import InvalidVersion, Version
[0.729s]   File "/home/arepo/.local/lib/python3.10/site-packages/setuptools/_vendor/packaging/version.py", line 38, in <module>
[0.729s]     _Version = collections.namedtuple(
[0.729s]   File "/usr/lib/python3.10/collections/__init__.py", line 414, in namedtuple
[0.729s]     __new__ = eval(code, namespace)
[0.729s]   File "<string>", line 1, in <module>
[0.729s] KeyboardInterrupt
[0.742s] Invoked command in '/home/arepo/vsss_sim/bullet_ws/src/sim' returned '-2': PYTHONPATH=/home/arepo/vsss_sim/bullet_ws/build/sim/prefix_override:/usr/lib/python3/dist-packages/colcon_core/task/python/colcon_distutils_commands:/home/arepo/vsss_sim/bullet_ws/install/sim/lib/python3.10/site-packages:${PYTHONPATH} /usr/bin/python3 -W ignore:setup.py install is deprecated -W ignore:easy_install command is deprecated setup.py egg_info --egg-base ../../build/sim build --build-base /home/arepo/vsss_sim/bullet_ws/build/sim/build install --record /home/arepo/vsss_sim/bullet_ws/build/sim/install.log --single-version-externally-managed install_data
