[0.838s] Invoking command in '/home/arepo/vsss_sim/bullet_ws/src/sim': PYTHONPATH=/home/arepo/vsss_sim/bullet_ws/build/sim/prefix_override:/usr/lib/python3/dist-packages/colcon_core/task/python/colcon_distutils_commands:/home/arepo/vsss_sim/bullet_ws/install/sim/lib/python3.10/site-packages:${PYTHONPATH} /usr/bin/python3 -W ignore:setup.py install is deprecated -W ignore:easy_install command is deprecated setup.py egg_info --egg-base ../../build/sim build --build-base /home/arepo/vsss_sim/bullet_ws/build/sim/build install --record /home/arepo/vsss_sim/bullet_ws/build/sim/install.log --single-version-externally-managed install_data
[1.041s] running egg_info
[1.055s] writing ../../build/sim/sim.egg-info/PKG-INFO
[1.055s] writing dependency_links to ../../build/sim/sim.egg-info/dependency_links.txt
[1.056s] writing entry points to ../../build/sim/sim.egg-info/entry_points.txt
[1.056s] writing requirements to ../../build/sim/sim.egg-info/requires.txt
[1.056s] writing top-level names to ../../build/sim/sim.egg-info/top_level.txt
[1.084s] reading manifest file '../../build/sim/sim.egg-info/SOURCES.txt'
[1.084s] adding license file 'LICENSE'
[1.085s] writing manifest file '../../build/sim/sim.egg-info/SOURCES.txt'
[1.085s] running build
[1.085s] running build_py
[1.086s] running install
[1.090s] running install_lib
[1.104s] running install_data
[1.105s] running install_egg_info
[1.120s] removing '/home/arepo/vsss_sim/bullet_ws/install/sim/lib/python3.10/site-packages/sim-0.0.0-py3.10.egg-info' (and everything under it)
[1.120s] Copying ../../build/sim/sim.egg-info to /home/arepo/vsss_sim/bullet_ws/install/sim/lib/python3.10/site-packages/sim-0.0.0-py3.10.egg-info
[1.121s] running install_scripts
[1.300s] Installing bridge script to /home/arepo/vsss_sim/bullet_ws/install/sim/lib/sim
[1.300s] Installing comms script to /home/arepo/vsss_sim/bullet_ws/install/sim/lib/sim
[1.300s] Installing gui script to /home/arepo/vsss_sim/bullet_ws/install/sim/lib/sim
[1.301s] Installing sim script to /home/arepo/vsss_sim/bullet_ws/install/sim/lib/sim
[1.301s] Installing strat script to /home/arepo/vsss_sim/bullet_ws/install/sim/lib/sim
[1.301s] Installing stratmax script to /home/arepo/vsss_sim/bullet_ws/install/sim/lib/sim
[1.301s] Installing tests script to /home/arepo/vsss_sim/bullet_ws/install/sim/lib/sim
[1.301s] Installing vision script to /home/arepo/vsss_sim/bullet_ws/install/sim/lib/sim
[1.301s] writing list of installed files to '/home/arepo/vsss_sim/bullet_ws/build/sim/install.log'
[1.329s] Invoked command in '/home/arepo/vsss_sim/bullet_ws/src/sim' returned '0': PYTHONPATH=/home/arepo/vsss_sim/bullet_ws/build/sim/prefix_override:/usr/lib/python3/dist-packages/colcon_core/task/python/colcon_distutils_commands:/home/arepo/vsss_sim/bullet_ws/install/sim/lib/python3.10/site-packages:${PYTHONPATH} /usr/bin/python3 -W ignore:setup.py install is deprecated -W ignore:easy_install command is deprecated setup.py egg_info --egg-base ../../build/sim build --build-base /home/arepo/vsss_sim/bullet_ws/build/sim/build install --record /home/arepo/vsss_sim/bullet_ws/build/sim/install.log --single-version-externally-managed install_data
