[0.746s] Invoking command in '/home/arepo/vsss_sim/bullet_ws/src/sim': PYTHONPATH=/home/arepo/vsss_sim/bullet_ws/build/sim/prefix_override:/usr/lib/python3/dist-packages/colcon_core/task/python/colcon_distutils_commands:/home/arepo/vsss_sim/bullet_ws/install/sim/lib/python3.10/site-packages:${PYTHONPATH} /usr/bin/python3 -W ignore:setup.py install is deprecated -W ignore:easy_install command is deprecated setup.py egg_info --egg-base ../../build/sim build --build-base /home/arepo/vsss_sim/bullet_ws/build/sim/build install --record /home/arepo/vsss_sim/bullet_ws/build/sim/install.log --single-version-externally-managed install_data
[0.948s] running egg_info
[0.964s] writing ../../build/sim/sim.egg-info/PKG-INFO
[0.964s] writing dependency_links to ../../build/sim/sim.egg-info/dependency_links.txt
[0.964s] writing entry points to ../../build/sim/sim.egg-info/entry_points.txt
[0.964s] writing requirements to ../../build/sim/sim.egg-info/requires.txt
[0.964s] writing top-level names to ../../build/sim/sim.egg-info/top_level.txt
[0.995s] reading manifest file '../../build/sim/sim.egg-info/SOURCES.txt'
[0.995s] adding license file 'LICENSE'
[0.996s] writing manifest file '../../build/sim/sim.egg-info/SOURCES.txt'
[0.996s] running build
[0.996s] running build_py
[0.996s] copying sim/strat.py -> /home/arepo/vsss_sim/bullet_ws/build/sim/build/lib/sim
[0.997s] running install
[1.001s] running install_lib
[1.016s] copying /home/arepo/vsss_sim/bullet_ws/build/sim/build/lib/sim/strat.py -> /home/arepo/vsss_sim/bullet_ws/install/sim/lib/python3.10/site-packages/sim
[1.016s] byte-compiling /home/arepo/vsss_sim/bullet_ws/install/sim/lib/python3.10/site-packages/sim/strat.py to strat.cpython-310.pyc
[1.020s] running install_data
[1.020s] running install_egg_info
[1.041s] removing '/home/arepo/vsss_sim/bullet_ws/install/sim/lib/python3.10/site-packages/sim-0.0.0-py3.10.egg-info' (and everything under it)
[1.041s] Copying ../../build/sim/sim.egg-info to /home/arepo/vsss_sim/bullet_ws/install/sim/lib/python3.10/site-packages/sim-0.0.0-py3.10.egg-info
[1.042s] running install_scripts
[1.203s] Installing comms script to /home/arepo/vsss_sim/bullet_ws/install/sim/lib/sim
[1.203s] Installing gui script to /home/arepo/vsss_sim/bullet_ws/install/sim/lib/sim
[1.203s] Installing sim script to /home/arepo/vsss_sim/bullet_ws/install/sim/lib/sim
[1.203s] Installing strat script to /home/arepo/vsss_sim/bullet_ws/install/sim/lib/sim
[1.203s] Installing tests script to /home/arepo/vsss_sim/bullet_ws/install/sim/lib/sim
[1.204s] Installing vision script to /home/arepo/vsss_sim/bullet_ws/install/sim/lib/sim
[1.204s] writing list of installed files to '/home/arepo/vsss_sim/bullet_ws/build/sim/install.log'
[1.230s] Invoked command in '/home/arepo/vsss_sim/bullet_ws/src/sim' returned '0': PYTHONPATH=/home/arepo/vsss_sim/bullet_ws/build/sim/prefix_override:/usr/lib/python3/dist-packages/colcon_core/task/python/colcon_distutils_commands:/home/arepo/vsss_sim/bullet_ws/install/sim/lib/python3.10/site-packages:${PYTHONPATH} /usr/bin/python3 -W ignore:setup.py install is deprecated -W ignore:easy_install command is deprecated setup.py egg_info --egg-base ../../build/sim build --build-base /home/arepo/vsss_sim/bullet_ws/build/sim/build install --record /home/arepo/vsss_sim/bullet_ws/build/sim/install.log --single-version-externally-managed install_data
