[0.747s] Invoking command in '/home/arepo/vsss_sim/bullet_ws/src/sim': PYTHONPATH=/home/arepo/vsss_sim/bullet_ws/build/sim/prefix_override:/usr/lib/python3/dist-packages/colcon_core/task/python/colcon_distutils_commands:/home/arepo/vsss_sim/bullet_ws/install/sim/lib/python3.10/site-packages:${PYTHONPATH} /usr/bin/python3 -W ignore:setup.py install is deprecated -W ignore:easy_install command is deprecated setup.py egg_info --egg-base ../../build/sim build --build-base /home/arepo/vsss_sim/bullet_ws/build/sim/build install --record /home/arepo/vsss_sim/bullet_ws/build/sim/install.log --single-version-externally-managed install_data
[0.975s] running egg_info
[0.991s] writing ../../build/sim/sim.egg-info/PKG-INFO
[0.991s] writing dependency_links to ../../build/sim/sim.egg-info/dependency_links.txt
[0.991s] writing entry points to ../../build/sim/sim.egg-info/entry_points.txt
[0.991s] writing requirements to ../../build/sim/sim.egg-info/requires.txt
[0.991s] writing top-level names to ../../build/sim/sim.egg-info/top_level.txt
[1.022s] reading manifest file '../../build/sim/sim.egg-info/SOURCES.txt'
[1.022s] adding license file 'LICENSE'
[1.023s] writing manifest file '../../build/sim/sim.egg-info/SOURCES.txt'
[1.023s] running build
[1.023s] running build_py
[1.023s] copying sim/strat.py -> /home/arepo/vsss_sim/bullet_ws/build/sim/build/lib/sim
[1.024s] running install
[1.028s] running install_lib
[1.043s] copying /home/arepo/vsss_sim/bullet_ws/build/sim/build/lib/sim/strat.py -> /home/arepo/vsss_sim/bullet_ws/install/sim/lib/python3.10/site-packages/sim
[1.044s] byte-compiling /home/arepo/vsss_sim/bullet_ws/install/sim/lib/python3.10/site-packages/sim/strat.py to strat.cpython-310.pyc
[1.048s]   File "/home/arepo/vsss_sim/bullet_ws/install/sim/lib/python3.10/site-packages/sim/strat.py", line 445
[1.048s]     elif abs(ball_coords[0] - DEF_POS[0]) < 2: # close
[1.049s]     ^^^^
[1.049s] SyntaxError: invalid syntax
[1.049s] 
[1.049s] running install_data
[1.049s] running install_egg_info
[1.070s] removing '/home/arepo/vsss_sim/bullet_ws/install/sim/lib/python3.10/site-packages/sim-0.0.0-py3.10.egg-info' (and everything under it)
[1.071s] Copying ../../build/sim/sim.egg-info to /home/arepo/vsss_sim/bullet_ws/install/sim/lib/python3.10/site-packages/sim-0.0.0-py3.10.egg-info
[1.072s] running install_scripts
[1.234s] Installing comms script to /home/arepo/vsss_sim/bullet_ws/install/sim/lib/sim
[1.234s] Installing gui script to /home/arepo/vsss_sim/bullet_ws/install/sim/lib/sim
[1.234s] Installing sim script to /home/arepo/vsss_sim/bullet_ws/install/sim/lib/sim
[1.234s] Installing strat script to /home/arepo/vsss_sim/bullet_ws/install/sim/lib/sim
[1.234s] Installing stratmax script to /home/arepo/vsss_sim/bullet_ws/install/sim/lib/sim
[1.234s] Installing tests script to /home/arepo/vsss_sim/bullet_ws/install/sim/lib/sim
[1.234s] Installing vision script to /home/arepo/vsss_sim/bullet_ws/install/sim/lib/sim
[1.235s] writing list of installed files to '/home/arepo/vsss_sim/bullet_ws/build/sim/install.log'
[1.258s] Invoked command in '/home/arepo/vsss_sim/bullet_ws/src/sim' returned '0': PYTHONPATH=/home/arepo/vsss_sim/bullet_ws/build/sim/prefix_override:/usr/lib/python3/dist-packages/colcon_core/task/python/colcon_distutils_commands:/home/arepo/vsss_sim/bullet_ws/install/sim/lib/python3.10/site-packages:${PYTHONPATH} /usr/bin/python3 -W ignore:setup.py install is deprecated -W ignore:easy_install command is deprecated setup.py egg_info --egg-base ../../build/sim build --build-base /home/arepo/vsss_sim/bullet_ws/build/sim/build install --record /home/arepo/vsss_sim/bullet_ws/build/sim/install.log --single-version-externally-managed install_data
