[0.835s] Invoking command in '/home/arepo/vsss_sim/bullet_ws/src/sim': PYTHONPATH=/home/arepo/vsss_sim/bullet_ws/build/sim/prefix_override:/usr/lib/python3/dist-packages/colcon_core/task/python/colcon_distutils_commands:/home/arepo/vsss_sim/bullet_ws/install/sim/lib/python3.10/site-packages:${PYTHONPATH} /usr/bin/python3 -W ignore:setup.py install is deprecated -W ignore:easy_install command is deprecated setup.py egg_info --egg-base ../../build/sim build --build-base /home/arepo/vsss_sim/bullet_ws/build/sim/build install --record /home/arepo/vsss_sim/bullet_ws/build/sim/install.log --single-version-externally-managed install_data
[1.058s] running egg_info
[1.073s] writing ../../build/sim/sim.egg-info/PKG-INFO
[1.073s] writing dependency_links to ../../build/sim/sim.egg-info/dependency_links.txt
[1.074s] writing entry points to ../../build/sim/sim.egg-info/entry_points.txt
[1.074s] writing requirements to ../../build/sim/sim.egg-info/requires.txt
[1.074s] writing top-level names to ../../build/sim/sim.egg-info/top_level.txt
[1.106s] reading manifest file '../../build/sim/sim.egg-info/SOURCES.txt'
[1.106s] adding license file 'LICENSE'
[1.107s] writing manifest file '../../build/sim/sim.egg-info/SOURCES.txt'
[1.108s] running build
[1.108s] running build_py
[1.108s] copying sim/stratMax.py -> /home/arepo/vsss_sim/bullet_ws/build/sim/build/lib/sim
[1.109s] running install
[1.116s] running install_lib
[1.135s] copying /home/arepo/vsss_sim/bullet_ws/build/sim/build/lib/sim/stratMax.py -> /home/arepo/vsss_sim/bullet_ws/install/sim/lib/python3.10/site-packages/sim
[1.136s] byte-compiling /home/arepo/vsss_sim/bullet_ws/install/sim/lib/python3.10/site-packages/sim/stratMax.py to stratMax.cpython-310.pyc
[1.138s] running install_data
[1.139s] running install_egg_info
[1.156s] removing '/home/arepo/vsss_sim/bullet_ws/install/sim/lib/python3.10/site-packages/sim-0.0.0-py3.10.egg-info' (and everything under it)
[1.156s] Copying ../../build/sim/sim.egg-info to /home/arepo/vsss_sim/bullet_ws/install/sim/lib/python3.10/site-packages/sim-0.0.0-py3.10.egg-info
[1.157s] running install_scripts
[1.332s] Installing comms script to /home/arepo/vsss_sim/bullet_ws/install/sim/lib/sim
[1.332s] Installing gui script to /home/arepo/vsss_sim/bullet_ws/install/sim/lib/sim
[1.332s] Installing sim script to /home/arepo/vsss_sim/bullet_ws/install/sim/lib/sim
[1.332s] Installing strat script to /home/arepo/vsss_sim/bullet_ws/install/sim/lib/sim
[1.333s] Installing stratmax script to /home/arepo/vsss_sim/bullet_ws/install/sim/lib/sim
[1.333s] Installing tests script to /home/arepo/vsss_sim/bullet_ws/install/sim/lib/sim
[1.333s] Installing vision script to /home/arepo/vsss_sim/bullet_ws/install/sim/lib/sim
[1.333s] writing list of installed files to '/home/arepo/vsss_sim/bullet_ws/build/sim/install.log'
[1.359s] Invoked command in '/home/arepo/vsss_sim/bullet_ws/src/sim' returned '0': PYTHONPATH=/home/arepo/vsss_sim/bullet_ws/build/sim/prefix_override:/usr/lib/python3/dist-packages/colcon_core/task/python/colcon_distutils_commands:/home/arepo/vsss_sim/bullet_ws/install/sim/lib/python3.10/site-packages:${PYTHONPATH} /usr/bin/python3 -W ignore:setup.py install is deprecated -W ignore:easy_install command is deprecated setup.py egg_info --egg-base ../../build/sim build --build-base /home/arepo/vsss_sim/bullet_ws/build/sim/build install --record /home/arepo/vsss_sim/bullet_ws/build/sim/install.log --single-version-externally-managed install_data
