[0.808s] Invoking command in '/home/arepo/vsss_sim/bullet_ws/src/sim': PYTHONPATH=/home/arepo/vsss_sim/bullet_ws/build/sim/prefix_override:/usr/lib/python3/dist-packages/colcon_core/task/python/colcon_distutils_commands:/home/arepo/vsss_sim/bullet_ws/install/sim/lib/python3.10/site-packages:${PYTHONPATH} /usr/bin/python3 -W ignore:setup.py install is deprecated -W ignore:easy_install command is deprecated setup.py egg_info --egg-base ../../build/sim build --build-base /home/arepo/vsss_sim/bullet_ws/build/sim/build install --record /home/arepo/vsss_sim/bullet_ws/build/sim/install.log --single-version-externally-managed install_data
[1.052s] running egg_info
[1.067s] writing ../../build/sim/sim.egg-info/PKG-INFO
[1.068s] writing dependency_links to ../../build/sim/sim.egg-info/dependency_links.txt
[1.068s] writing entry points to ../../build/sim/sim.egg-info/entry_points.txt
[1.068s] writing requirements to ../../build/sim/sim.egg-info/requires.txt
[1.068s] writing top-level names to ../../build/sim/sim.egg-info/top_level.txt
[1.105s] reading manifest file '../../build/sim/sim.egg-info/SOURCES.txt'
[1.105s] adding license file 'LICENSE'
[1.106s] writing manifest file '../../build/sim/sim.egg-info/SOURCES.txt'
[1.106s] running build
[1.106s] running build_py
[1.107s] copying sim/strat.py -> /home/arepo/vsss_sim/bullet_ws/build/sim/build/lib/sim
[1.107s] running install
[1.112s] running install_lib
[1.127s] copying /home/arepo/vsss_sim/bullet_ws/build/sim/build/lib/sim/strat.py -> /home/arepo/vsss_sim/bullet_ws/install/sim/lib/python3.10/site-packages/sim
[1.128s] byte-compiling /home/arepo/vsss_sim/bullet_ws/install/sim/lib/python3.10/site-packages/sim/strat.py to strat.cpython-310.pyc
[1.131s] running install_data
[1.131s] running install_egg_info
[1.148s] removing '/home/arepo/vsss_sim/bullet_ws/install/sim/lib/python3.10/site-packages/sim-0.0.0-py3.10.egg-info' (and everything under it)
[1.148s] Copying ../../build/sim/sim.egg-info to /home/arepo/vsss_sim/bullet_ws/install/sim/lib/python3.10/site-packages/sim-0.0.0-py3.10.egg-info
[1.149s] running install_scripts
[1.318s] Installing comms script to /home/arepo/vsss_sim/bullet_ws/install/sim/lib/sim
[1.318s] Installing gui script to /home/arepo/vsss_sim/bullet_ws/install/sim/lib/sim
[1.318s] Installing sim script to /home/arepo/vsss_sim/bullet_ws/install/sim/lib/sim
[1.319s] Installing strat script to /home/arepo/vsss_sim/bullet_ws/install/sim/lib/sim
[1.319s] Installing tests script to /home/arepo/vsss_sim/bullet_ws/install/sim/lib/sim
[1.319s] Installing vision script to /home/arepo/vsss_sim/bullet_ws/install/sim/lib/sim
[1.319s] writing list of installed files to '/home/arepo/vsss_sim/bullet_ws/build/sim/install.log'
[1.343s] Invoked command in '/home/arepo/vsss_sim/bullet_ws/src/sim' returned '0': PYTHONPATH=/home/arepo/vsss_sim/bullet_ws/build/sim/prefix_override:/usr/lib/python3/dist-packages/colcon_core/task/python/colcon_distutils_commands:/home/arepo/vsss_sim/bullet_ws/install/sim/lib/python3.10/site-packages:${PYTHONPATH} /usr/bin/python3 -W ignore:setup.py install is deprecated -W ignore:easy_install command is deprecated setup.py egg_info --egg-base ../../build/sim build --build-base /home/arepo/vsss_sim/bullet_ws/build/sim/build install --record /home/arepo/vsss_sim/bullet_ws/build/sim/install.log --single-version-externally-managed install_data
