[0.755s] Invoking command in '/home/arepo/vsss_sim/bullet_ws/src/sim': PYTHONPATH=/home/arepo/vsss_sim/bullet_ws/build/sim/prefix_override:/usr/lib/python3/dist-packages/colcon_core/task/python/colcon_distutils_commands:/home/arepo/vsss_sim/bullet_ws/install/sim/lib/python3.10/site-packages:${PYTHONPATH} /usr/bin/python3 -W ignore:setup.py install is deprecated -W ignore:easy_install command is deprecated setup.py egg_info --egg-base ../../build/sim build --build-base /home/arepo/vsss_sim/bullet_ws/build/sim/build install --record /home/arepo/vsss_sim/bullet_ws/build/sim/install.log --single-version-externally-managed install_data
[0.981s] running egg_info
[0.997s] writing ../../build/sim/sim.egg-info/PKG-INFO
[0.997s] writing dependency_links to ../../build/sim/sim.egg-info/dependency_links.txt
[0.997s] writing entry points to ../../build/sim/sim.egg-info/entry_points.txt
[0.997s] writing requirements to ../../build/sim/sim.egg-info/requires.txt
[0.997s] writing top-level names to ../../build/sim/sim.egg-info/top_level.txt
[1.033s] reading manifest file '../../build/sim/sim.egg-info/SOURCES.txt'
[1.033s] adding license file 'LICENSE'
[1.034s] writing manifest file '../../build/sim/sim.egg-info/SOURCES.txt'
[1.034s] running build
[1.034s] running build_py
[1.034s] copying sim/strat.py -> /home/arepo/vsss_sim/bullet_ws/build/sim/build/lib/sim
[1.035s] running install
[1.038s] running install_lib
[1.053s] copying /home/arepo/vsss_sim/bullet_ws/build/sim/build/lib/sim/strat.py -> /home/arepo/vsss_sim/bullet_ws/install/sim/lib/python3.10/site-packages/sim
[1.054s] byte-compiling /home/arepo/vsss_sim/bullet_ws/install/sim/lib/python3.10/site-packages/sim/strat.py to strat.cpython-310.pyc
[1.057s] running install_data
[1.058s] running install_egg_info
[1.074s] removing '/home/arepo/vsss_sim/bullet_ws/install/sim/lib/python3.10/site-packages/sim-0.0.0-py3.10.egg-info' (and everything under it)
[1.075s] Copying ../../build/sim/sim.egg-info to /home/arepo/vsss_sim/bullet_ws/install/sim/lib/python3.10/site-packages/sim-0.0.0-py3.10.egg-info
[1.075s] running install_scripts
[1.239s] Installing comms script to /home/arepo/vsss_sim/bullet_ws/install/sim/lib/sim
[1.240s] Installing gui script to /home/arepo/vsss_sim/bullet_ws/install/sim/lib/sim
[1.240s] Installing sim script to /home/arepo/vsss_sim/bullet_ws/install/sim/lib/sim
[1.240s] Installing strat script to /home/arepo/vsss_sim/bullet_ws/install/sim/lib/sim
[1.240s] Installing stratmax script to /home/arepo/vsss_sim/bullet_ws/install/sim/lib/sim
[1.240s] Installing tests script to /home/arepo/vsss_sim/bullet_ws/install/sim/lib/sim
[1.240s] Installing vision script to /home/arepo/vsss_sim/bullet_ws/install/sim/lib/sim
[1.240s] writing list of installed files to '/home/arepo/vsss_sim/bullet_ws/build/sim/install.log'
[1.264s] Invoked command in '/home/arepo/vsss_sim/bullet_ws/src/sim' returned '0': PYTHONPATH=/home/arepo/vsss_sim/bullet_ws/build/sim/prefix_override:/usr/lib/python3/dist-packages/colcon_core/task/python/colcon_distutils_commands:/home/arepo/vsss_sim/bullet_ws/install/sim/lib/python3.10/site-packages:${PYTHONPATH} /usr/bin/python3 -W ignore:setup.py install is deprecated -W ignore:easy_install command is deprecated setup.py egg_info --egg-base ../../build/sim build --build-base /home/arepo/vsss_sim/bullet_ws/build/sim/build install --record /home/arepo/vsss_sim/bullet_ws/build/sim/install.log --single-version-externally-managed install_data
