[0.899s] Invoking command in '/home/arepo/vsss_sim/bullet_ws/src/sim': PYTHONPATH=/home/arepo/vsss_sim/bullet_ws/build/sim/prefix_override:/usr/lib/python3/dist-packages/colcon_core/task/python/colcon_distutils_commands:/home/arepo/vsss_sim/bullet_ws/install/sim/lib/python3.10/site-packages:${PYTHONPATH} /usr/bin/python3 -W ignore:setup.py install is deprecated -W ignore:easy_install command is deprecated setup.py egg_info --egg-base ../../build/sim build --build-base /home/arepo/vsss_sim/bullet_ws/build/sim/build install --record /home/arepo/vsss_sim/bullet_ws/build/sim/install.log --single-version-externally-managed install_data
[1.143s] running egg_info
[1.158s] writing ../../build/sim/sim.egg-info/PKG-INFO
[1.159s] writing dependency_links to ../../build/sim/sim.egg-info/dependency_links.txt
[1.159s] writing entry points to ../../build/sim/sim.egg-info/entry_points.txt
[1.159s] writing requirements to ../../build/sim/sim.egg-info/requires.txt
[1.159s] writing top-level names to ../../build/sim/sim.egg-info/top_level.txt
[1.198s] reading manifest file '../../build/sim/sim.egg-info/SOURCES.txt'
[1.200s] adding license file 'LICENSE'
[1.201s] writing manifest file '../../build/sim/sim.egg-info/SOURCES.txt'
[1.202s] running build
[1.202s] running build_py
[1.202s] copying sim/strat.py -> /home/arepo/vsss_sim/bullet_ws/build/sim/build/lib/sim
[1.203s] copying sim/comms.py -> /home/arepo/vsss_sim/bullet_ws/build/sim/build/lib/sim
[1.204s] running install
[1.209s] running install_lib
[1.226s] copying /home/arepo/vsss_sim/bullet_ws/build/sim/build/lib/sim/strat.py -> /home/arepo/vsss_sim/bullet_ws/install/sim/lib/python3.10/site-packages/sim
[1.226s] copying /home/arepo/vsss_sim/bullet_ws/build/sim/build/lib/sim/comms.py -> /home/arepo/vsss_sim/bullet_ws/install/sim/lib/python3.10/site-packages/sim
[1.227s] byte-compiling /home/arepo/vsss_sim/bullet_ws/install/sim/lib/python3.10/site-packages/sim/strat.py to strat.cpython-310.pyc
[1.229s] byte-compiling /home/arepo/vsss_sim/bullet_ws/install/sim/lib/python3.10/site-packages/sim/comms.py to comms.cpython-310.pyc
[1.230s] running install_data
[1.231s] running install_egg_info
[1.253s] removing '/home/arepo/vsss_sim/bullet_ws/install/sim/lib/python3.10/site-packages/sim-0.0.0-py3.10.egg-info' (and everything under it)
[1.253s] Copying ../../build/sim/sim.egg-info to /home/arepo/vsss_sim/bullet_ws/install/sim/lib/python3.10/site-packages/sim-0.0.0-py3.10.egg-info
[1.255s] running install_scripts
[1.431s] Installing comms script to /home/arepo/vsss_sim/bullet_ws/install/sim/lib/sim
[1.431s] Installing gui script to /home/arepo/vsss_sim/bullet_ws/install/sim/lib/sim
[1.431s] Installing sim script to /home/arepo/vsss_sim/bullet_ws/install/sim/lib/sim
[1.432s] Installing strat script to /home/arepo/vsss_sim/bullet_ws/install/sim/lib/sim
[1.432s] Installing tests script to /home/arepo/vsss_sim/bullet_ws/install/sim/lib/sim
[1.432s] Installing vision script to /home/arepo/vsss_sim/bullet_ws/install/sim/lib/sim
[1.432s] writing list of installed files to '/home/arepo/vsss_sim/bullet_ws/build/sim/install.log'
[1.460s] Invoked command in '/home/arepo/vsss_sim/bullet_ws/src/sim' returned '0': PYTHONPATH=/home/arepo/vsss_sim/bullet_ws/build/sim/prefix_override:/usr/lib/python3/dist-packages/colcon_core/task/python/colcon_distutils_commands:/home/arepo/vsss_sim/bullet_ws/install/sim/lib/python3.10/site-packages:${PYTHONPATH} /usr/bin/python3 -W ignore:setup.py install is deprecated -W ignore:easy_install command is deprecated setup.py egg_info --egg-base ../../build/sim build --build-base /home/arepo/vsss_sim/bullet_ws/build/sim/build install --record /home/arepo/vsss_sim/bullet_ws/build/sim/install.log --single-version-externally-managed install_data
