[0.017s] Invoking command in '/home/arepo/vsss_sim/bullet_ws/build/sim_msgs': CMAKE_PREFIX_PATH=${CMAKE_PREFIX_PATH}:/home/arepo/vsss_sim/bullet_ws/install/vision:/home/arepo/vsss_sim/bullet_ws/install/sim:/opt/ros/humble /home/arepo/.local/bin/cmake --build /home/arepo/vsss_sim/bullet_ws/build/sim_msgs -- -j16 -l16
[0.133s] [  1%] [0mBuilt target sim_msgs__cpp[0m
[0.135s] [ 12%] [0mBuilt target sim_msgs__rosidl_generator_c[0m
[0.148s] [ 12%] [0mBuilt target ament_cmake_python_copy_sim_msgs[0m
[0.150s] [ 24%] [0mBuilt target sim_msgs__rosidl_typesupport_c[0m
[0.154s] [ 35%] [0mBuilt target sim_msgs__rosidl_typesupport_introspection_c[0m
[0.158s] [ 46%] [0mBuilt target sim_msgs__rosidl_typesupport_cpp[0m
[0.158s] [ 70%] [0mBuilt target sim_msgs__rosidl_typesupport_fastrtps_c[0m
[0.158s] [ 70%] [0mBuilt target sim_msgs__rosidl_typesupport_fastrtps_cpp[0m
[0.159s] [ 81%] [0mBuilt target sim_msgs__rosidl_typesupport_introspection_cpp[0m
[0.170s] [ 81%] [0mBuilt target sim_msgs[0m
[0.188s] [ 82%] [0mBuilt target sim_msgs__py[0m
[0.210s] [ 92%] [0mBuilt target sim_msgs__rosidl_generator_py[0m
[0.230s] [ 97%] [0mBuilt target sim_msgs__rosidl_typesupport_fastrtps_c__pyext[0m
[0.230s] [ 97%] [0mBuilt target sim_msgs__rosidl_typesupport_introspection_c__pyext[0m
[0.230s] [100%] [0mBuilt target sim_msgs__rosidl_typesupport_c__pyext[0m
[0.313s] running egg_info
[0.327s] writing sim_msgs.egg-info/PKG-INFO
[0.327s] writing dependency_links to sim_msgs.egg-info/dependency_links.txt
[0.327s] writing top-level names to sim_msgs.egg-info/top_level.txt
[0.371s] reading manifest file 'sim_msgs.egg-info/SOURCES.txt'
[0.372s] writing manifest file 'sim_msgs.egg-info/SOURCES.txt'
[0.393s] [100%] [0mBuilt target ament_cmake_python_build_sim_msgs_egg[0m
[0.401s] Invoked command in '/home/arepo/vsss_sim/bullet_ws/build/sim_msgs' returned '0': CMAKE_PREFIX_PATH=${CMAKE_PREFIX_PATH}:/home/arepo/vsss_sim/bullet_ws/install/vision:/home/arepo/vsss_sim/bullet_ws/install/sim:/opt/ros/humble /home/arepo/.local/bin/cmake --build /home/arepo/vsss_sim/bullet_ws/build/sim_msgs -- -j16 -l16
[0.476s] Invoking command in '/home/arepo/vsss_sim/bullet_ws/build/sim_msgs': CMAKE_PREFIX_PATH=${CMAKE_PREFIX_PATH}:/home/arepo/vsss_sim/bullet_ws/install/vision:/home/arepo/vsss_sim/bullet_ws/install/sim:/opt/ros/humble /home/arepo/.local/bin/cmake --install /home/arepo/vsss_sim/bullet_ws/build/sim_msgs
[0.547s] -- Install configuration: ""
[0.547s] -- Up-to-date: /home/arepo/vsss_sim/bullet_ws/install/sim_msgs/share/ament_index/resource_index/rosidl_interfaces/sim_msgs
[0.547s] -- Up-to-date: /home/arepo/vsss_sim/bullet_ws/install/sim_msgs/include/sim_msgs/sim_msgs
[0.547s] -- Up-to-date: /home/arepo/vsss_sim/bullet_ws/install/sim_msgs/include/sim_msgs/sim_msgs/srv
[0.548s] -- Up-to-date: /home/arepo/vsss_sim/bullet_ws/install/sim_msgs/include/sim_msgs/sim_msgs/srv/reset.h
[0.548s] -- Up-to-date: /home/arepo/vsss_sim/bullet_ws/install/sim_msgs/include/sim_msgs/sim_msgs/srv/detail
[0.548s] -- Up-to-date: /home/arepo/vsss_sim/bullet_ws/install/sim_msgs/include/sim_msgs/sim_msgs/srv/detail/reset__functions.h
[0.548s] -- Up-to-date: /home/arepo/vsss_sim/bullet_ws/install/sim_msgs/include/sim_msgs/sim_msgs/srv/detail/controller__functions.c
[0.548s] -- Up-to-date: /home/arepo/vsss_sim/bullet_ws/install/sim_msgs/include/sim_msgs/sim_msgs/srv/detail/controller__functions.h
[0.548s] -- Up-to-date: /home/arepo/vsss_sim/bullet_ws/install/sim_msgs/include/sim_msgs/sim_msgs/srv/detail/controller__type_support.h
[0.548s] -- Up-to-date: /home/arepo/vsss_sim/bullet_ws/install/sim_msgs/include/sim_msgs/sim_msgs/srv/detail/reset__type_support.h
[0.548s] -- Up-to-date: /home/arepo/vsss_sim/bullet_ws/install/sim_msgs/include/sim_msgs/sim_msgs/srv/detail/reset__struct.h
[0.548s] -- Up-to-date: /home/arepo/vsss_sim/bullet_ws/install/sim_msgs/include/sim_msgs/sim_msgs/srv/detail/controller__struct.h
[0.548s] -- Up-to-date: /home/arepo/vsss_sim/bullet_ws/install/sim_msgs/include/sim_msgs/sim_msgs/srv/detail/reset__functions.c
[0.548s] -- Up-to-date: /home/arepo/vsss_sim/bullet_ws/install/sim_msgs/include/sim_msgs/sim_msgs/srv/controller.h
[0.548s] -- Up-to-date: /home/arepo/vsss_sim/bullet_ws/install/sim_msgs/include/sim_msgs/sim_msgs/msg
[0.548s] -- Up-to-date: /home/arepo/vsss_sim/bullet_ws/install/sim_msgs/include/sim_msgs/sim_msgs/msg/high_cmd.h
[0.548s] -- Up-to-date: /home/arepo/vsss_sim/bullet_ws/install/sim_msgs/include/sim_msgs/sim_msgs/msg/field_data.h
[0.548s] -- Up-to-date: /home/arepo/vsss_sim/bullet_ws/install/sim_msgs/include/sim_msgs/sim_msgs/msg/low_cmd.h
[0.548s] -- Up-to-date: /home/arepo/vsss_sim/bullet_ws/install/sim_msgs/include/sim_msgs/sim_msgs/msg/detail
[0.549s] -- Up-to-date: /home/arepo/vsss_sim/bullet_ws/install/sim_msgs/include/sim_msgs/sim_msgs/msg/detail/low_cmd__functions.h
[0.549s] -- Up-to-date: /home/arepo/vsss_sim/bullet_ws/install/sim_msgs/include/sim_msgs/sim_msgs/msg/detail/high_cmd__functions.h
[0.549s] -- Up-to-date: /home/arepo/vsss_sim/bullet_ws/install/sim_msgs/include/sim_msgs/sim_msgs/msg/detail/low_cmd__struct.h
[0.549s] -- Up-to-date: /home/arepo/vsss_sim/bullet_ws/install/sim_msgs/include/sim_msgs/sim_msgs/msg/detail/obj_data__functions.h
[0.549s] -- Up-to-date: /home/arepo/vsss_sim/bullet_ws/install/sim_msgs/include/sim_msgs/sim_msgs/msg/detail/settings__struct.h
[0.549s] -- Up-to-date: /home/arepo/vsss_sim/bullet_ws/install/sim_msgs/include/sim_msgs/sim_msgs/msg/detail/low_cmd__type_support.h
[0.549s] -- Up-to-date: /home/arepo/vsss_sim/bullet_ws/install/sim_msgs/include/sim_msgs/sim_msgs/msg/detail/high_cmd__struct.h
[0.549s] -- Up-to-date: /home/arepo/vsss_sim/bullet_ws/install/sim_msgs/include/sim_msgs/sim_msgs/msg/detail/high_cmd__functions.c
[0.549s] -- Up-to-date: /home/arepo/vsss_sim/bullet_ws/install/sim_msgs/include/sim_msgs/sim_msgs/msg/detail/field_data__functions.c
[0.549s] -- Up-to-date: /home/arepo/vsss_sim/bullet_ws/install/sim_msgs/include/sim_msgs/sim_msgs/msg/detail/obj_data__struct.h
[0.549s] -- Up-to-date: /home/arepo/vsss_sim/bullet_ws/install/sim_msgs/include/sim_msgs/sim_msgs/msg/detail/settings__type_support.h
[0.549s] -- Up-to-date: /home/arepo/vsss_sim/bullet_ws/install/sim_msgs/include/sim_msgs/sim_msgs/msg/detail/settings__functions.c
[0.549s] -- Up-to-date: /home/arepo/vsss_sim/bullet_ws/install/sim_msgs/include/sim_msgs/sim_msgs/msg/detail/settings__functions.h
[0.549s] -- Up-to-date: /home/arepo/vsss_sim/bullet_ws/install/sim_msgs/include/sim_msgs/sim_msgs/msg/detail/high_cmd__type_support.h
[0.549s] -- Up-to-date: /home/arepo/vsss_sim/bullet_ws/install/sim_msgs/include/sim_msgs/sim_msgs/msg/detail/field_data__type_support.h
[0.549s] -- Up-to-date: /home/arepo/vsss_sim/bullet_ws/install/sim_msgs/include/sim_msgs/sim_msgs/msg/detail/field_data__struct.h
[0.549s] -- Up-to-date: /home/arepo/vsss_sim/bullet_ws/install/sim_msgs/include/sim_msgs/sim_msgs/msg/detail/low_cmd__functions.c
[0.549s] -- Up-to-date: /home/arepo/vsss_sim/bullet_ws/install/sim_msgs/include/sim_msgs/sim_msgs/msg/detail/obj_data__type_support.h
[0.549s] -- Up-to-date: /home/arepo/vsss_sim/bullet_ws/install/sim_msgs/include/sim_msgs/sim_msgs/msg/detail/field_data__functions.h
[0.549s] -- Up-to-date: /home/arepo/vsss_sim/bullet_ws/install/sim_msgs/include/sim_msgs/sim_msgs/msg/detail/obj_data__functions.c
[0.549s] -- Up-to-date: /home/arepo/vsss_sim/bullet_ws/install/sim_msgs/include/sim_msgs/sim_msgs/msg/obj_data.h
[0.549s] -- Up-to-date: /home/arepo/vsss_sim/bullet_ws/install/sim_msgs/include/sim_msgs/sim_msgs/msg/settings.h
[0.549s] -- Up-to-date: /home/arepo/vsss_sim/bullet_ws/install/sim_msgs/include/sim_msgs/sim_msgs/msg/rosidl_generator_c__visibility_control.h
[0.550s] -- Up-to-date: /home/arepo/vsss_sim/bullet_ws/install/sim_msgs/share/sim_msgs/environment/library_path.sh
[0.550s] -- Up-to-date: /home/arepo/vsss_sim/bullet_ws/install/sim_msgs/share/sim_msgs/environment/library_path.dsv
[0.551s] -- Up-to-date: /home/arepo/vsss_sim/bullet_ws/install/sim_msgs/lib/libsim_msgs__rosidl_generator_c.so
[0.551s] -- Up-to-date: /home/arepo/vsss_sim/bullet_ws/install/sim_msgs/include/sim_msgs/sim_msgs
[0.551s] -- Up-to-date: /home/arepo/vsss_sim/bullet_ws/install/sim_msgs/include/sim_msgs/sim_msgs/srv
[0.551s] -- Up-to-date: /home/arepo/vsss_sim/bullet_ws/install/sim_msgs/include/sim_msgs/sim_msgs/srv/detail
[0.551s] -- Up-to-date: /home/arepo/vsss_sim/bullet_ws/install/sim_msgs/include/sim_msgs/sim_msgs/srv/detail/reset__rosidl_typesupport_fastrtps_c.h
[0.551s] -- Up-to-date: /home/arepo/vsss_sim/bullet_ws/install/sim_msgs/include/sim_msgs/sim_msgs/srv/detail/controller__rosidl_typesupport_fastrtps_c.h
[0.552s] -- Up-to-date: /home/arepo/vsss_sim/bullet_ws/install/sim_msgs/include/sim_msgs/sim_msgs/msg
[0.552s] -- Up-to-date: /home/arepo/vsss_sim/bullet_ws/install/sim_msgs/include/sim_msgs/sim_msgs/msg/rosidl_typesupport_fastrtps_c__visibility_control.h
[0.552s] -- Up-to-date: /home/arepo/vsss_sim/bullet_ws/install/sim_msgs/include/sim_msgs/sim_msgs/msg/detail
[0.552s] -- Up-to-date: /home/arepo/vsss_sim/bullet_ws/install/sim_msgs/include/sim_msgs/sim_msgs/msg/detail/field_data__rosidl_typesupport_fastrtps_c.h
[0.552s] -- Up-to-date: /home/arepo/vsss_sim/bullet_ws/install/sim_msgs/include/sim_msgs/sim_msgs/msg/detail/obj_data__rosidl_typesupport_fastrtps_c.h
[0.552s] -- Up-to-date: /home/arepo/vsss_sim/bullet_ws/install/sim_msgs/include/sim_msgs/sim_msgs/msg/detail/low_cmd__rosidl_typesupport_fastrtps_c.h
[0.552s] -- Up-to-date: /home/arepo/vsss_sim/bullet_ws/install/sim_msgs/include/sim_msgs/sim_msgs/msg/detail/high_cmd__rosidl_typesupport_fastrtps_c.h
[0.552s] -- Up-to-date: /home/arepo/vsss_sim/bullet_ws/install/sim_msgs/include/sim_msgs/sim_msgs/msg/detail/settings__rosidl_typesupport_fastrtps_c.h
[0.552s] -- Up-to-date: /home/arepo/vsss_sim/bullet_ws/install/sim_msgs/lib/libsim_msgs__rosidl_typesupport_fastrtps_c.so
[0.553s] -- Up-to-date: /home/arepo/vsss_sim/bullet_ws/install/sim_msgs/include/sim_msgs/sim_msgs
[0.553s] -- Up-to-date: /home/arepo/vsss_sim/bullet_ws/install/sim_msgs/include/sim_msgs/sim_msgs/srv
[0.553s] -- Up-to-date: /home/arepo/vsss_sim/bullet_ws/install/sim_msgs/include/sim_msgs/sim_msgs/srv/detail
[0.553s] -- Up-to-date: /home/arepo/vsss_sim/bullet_ws/install/sim_msgs/include/sim_msgs/sim_msgs/srv/detail/controller__type_support.c
[0.553s] -- Up-to-date: /home/arepo/vsss_sim/bullet_ws/install/sim_msgs/include/sim_msgs/sim_msgs/srv/detail/reset__type_support.c
[0.553s] -- Up-to-date: /home/arepo/vsss_sim/bullet_ws/install/sim_msgs/include/sim_msgs/sim_msgs/srv/detail/controller__rosidl_typesupport_introspection_c.h
[0.553s] -- Up-to-date: /home/arepo/vsss_sim/bullet_ws/install/sim_msgs/include/sim_msgs/sim_msgs/srv/detail/reset__rosidl_typesupport_introspection_c.h
[0.553s] -- Up-to-date: /home/arepo/vsss_sim/bullet_ws/install/sim_msgs/include/sim_msgs/sim_msgs/msg
[0.553s] -- Up-to-date: /home/arepo/vsss_sim/bullet_ws/install/sim_msgs/include/sim_msgs/sim_msgs/msg/rosidl_typesupport_introspection_c__visibility_control.h
[0.553s] -- Up-to-date: /home/arepo/vsss_sim/bullet_ws/install/sim_msgs/include/sim_msgs/sim_msgs/msg/detail
[0.553s] -- Up-to-date: /home/arepo/vsss_sim/bullet_ws/install/sim_msgs/include/sim_msgs/sim_msgs/msg/detail/high_cmd__rosidl_typesupport_introspection_c.h
[0.553s] -- Up-to-date: /home/arepo/vsss_sim/bullet_ws/install/sim_msgs/include/sim_msgs/sim_msgs/msg/detail/field_data__type_support.c
[0.553s] -- Up-to-date: /home/arepo/vsss_sim/bullet_ws/install/sim_msgs/include/sim_msgs/sim_msgs/msg/detail/obj_data__type_support.c
[0.553s] -- Up-to-date: /home/arepo/vsss_sim/bullet_ws/install/sim_msgs/include/sim_msgs/sim_msgs/msg/detail/low_cmd__rosidl_typesupport_introspection_c.h
[0.553s] -- Up-to-date: /home/arepo/vsss_sim/bullet_ws/install/sim_msgs/include/sim_msgs/sim_msgs/msg/detail/high_cmd__type_support.c
[0.553s] -- Up-to-date: /home/arepo/vsss_sim/bullet_ws/install/sim_msgs/include/sim_msgs/sim_msgs/msg/detail/settings__rosidl_typesupport_introspection_c.h
[0.553s] -- Up-to-date: /home/arepo/vsss_sim/bullet_ws/install/sim_msgs/include/sim_msgs/sim_msgs/msg/detail/field_data__rosidl_typesupport_introspection_c.h
[0.553s] -- Up-to-date: /home/arepo/vsss_sim/bullet_ws/install/sim_msgs/include/sim_msgs/sim_msgs/msg/detail/low_cmd__type_support.c
[0.554s] -- Up-to-date: /home/arepo/vsss_sim/bullet_ws/install/sim_msgs/include/sim_msgs/sim_msgs/msg/detail/settings__type_support.c
[0.554s] -- Up-to-date: /home/arepo/vsss_sim/bullet_ws/install/sim_msgs/include/sim_msgs/sim_msgs/msg/detail/obj_data__rosidl_typesupport_introspection_c.h
[0.554s] -- Up-to-date: /home/arepo/vsss_sim/bullet_ws/install/sim_msgs/lib/libsim_msgs__rosidl_typesupport_introspection_c.so
[0.554s] -- Up-to-date: /home/arepo/vsss_sim/bullet_ws/install/sim_msgs/lib/libsim_msgs__rosidl_typesupport_c.so
[0.554s] -- Up-to-date: /home/arepo/vsss_sim/bullet_ws/install/sim_msgs/include/sim_msgs/sim_msgs
[0.554s] -- Up-to-date: /home/arepo/vsss_sim/bullet_ws/install/sim_msgs/include/sim_msgs/sim_msgs/srv
[0.554s] -- Up-to-date: /home/arepo/vsss_sim/bullet_ws/install/sim_msgs/include/sim_msgs/sim_msgs/srv/detail
[0.554s] -- Up-to-date: /home/arepo/vsss_sim/bullet_ws/install/sim_msgs/include/sim_msgs/sim_msgs/srv/detail/controller__struct.hpp
[0.554s] -- Up-to-date: /home/arepo/vsss_sim/bullet_ws/install/sim_msgs/include/sim_msgs/sim_msgs/srv/detail/controller__traits.hpp
[0.554s] -- Up-to-date: /home/arepo/vsss_sim/bullet_ws/install/sim_msgs/include/sim_msgs/sim_msgs/srv/detail/reset__builder.hpp
[0.554s] -- Up-to-date: /home/arepo/vsss_sim/bullet_ws/install/sim_msgs/include/sim_msgs/sim_msgs/srv/detail/controller__type_support.hpp
[0.554s] -- Up-to-date: /home/arepo/vsss_sim/bullet_ws/install/sim_msgs/include/sim_msgs/sim_msgs/srv/detail/controller__builder.hpp
[0.554s] -- Up-to-date: /home/arepo/vsss_sim/bullet_ws/install/sim_msgs/include/sim_msgs/sim_msgs/srv/detail/reset__traits.hpp
[0.555s] -- Up-to-date: /home/arepo/vsss_sim/bullet_ws/install/sim_msgs/include/sim_msgs/sim_msgs/srv/detail/reset__type_support.hpp
[0.555s] -- Up-to-date: /home/arepo/vsss_sim/bullet_ws/install/sim_msgs/include/sim_msgs/sim_msgs/srv/detail/reset__struct.hpp
[0.555s] -- Up-to-date: /home/arepo/vsss_sim/bullet_ws/install/sim_msgs/include/sim_msgs/sim_msgs/srv/reset.hpp
[0.555s] -- Up-to-date: /home/arepo/vsss_sim/bullet_ws/install/sim_msgs/include/sim_msgs/sim_msgs/srv/controller.hpp
[0.555s] -- Up-to-date: /home/arepo/vsss_sim/bullet_ws/install/sim_msgs/include/sim_msgs/sim_msgs/msg
[0.555s] -- Up-to-date: /home/arepo/vsss_sim/bullet_ws/install/sim_msgs/include/sim_msgs/sim_msgs/msg/low_cmd.hpp
[0.555s] -- Up-to-date: /home/arepo/vsss_sim/bullet_ws/install/sim_msgs/include/sim_msgs/sim_msgs/msg/detail
[0.555s] -- Up-to-date: /home/arepo/vsss_sim/bullet_ws/install/sim_msgs/include/sim_msgs/sim_msgs/msg/detail/low_cmd__type_support.hpp
[0.555s] -- Up-to-date: /home/arepo/vsss_sim/bullet_ws/install/sim_msgs/include/sim_msgs/sim_msgs/msg/detail/settings__type_support.hpp
[0.555s] -- Up-to-date: /home/arepo/vsss_sim/bullet_ws/install/sim_msgs/include/sim_msgs/sim_msgs/msg/detail/high_cmd__type_support.hpp
[0.555s] -- Up-to-date: /home/arepo/vsss_sim/bullet_ws/install/sim_msgs/include/sim_msgs/sim_msgs/msg/detail/obj_data__traits.hpp
[0.555s] -- Up-to-date: /home/arepo/vsss_sim/bullet_ws/install/sim_msgs/include/sim_msgs/sim_msgs/msg/detail/low_cmd__traits.hpp
[0.555s] -- Up-to-date: /home/arepo/vsss_sim/bullet_ws/install/sim_msgs/include/sim_msgs/sim_msgs/msg/detail/high_cmd__struct.hpp
[0.555s] -- Up-to-date: /home/arepo/vsss_sim/bullet_ws/install/sim_msgs/include/sim_msgs/sim_msgs/msg/detail/field_data__traits.hpp
[0.555s] -- Up-to-date: /home/arepo/vsss_sim/bullet_ws/install/sim_msgs/include/sim_msgs/sim_msgs/msg/detail/settings__builder.hpp
[0.555s] -- Up-to-date: /home/arepo/vsss_sim/bullet_ws/install/sim_msgs/include/sim_msgs/sim_msgs/msg/detail/low_cmd__builder.hpp
[0.555s] -- Up-to-date: /home/arepo/vsss_sim/bullet_ws/install/sim_msgs/include/sim_msgs/sim_msgs/msg/detail/field_data__type_support.hpp
[0.555s] -- Up-to-date: /home/arepo/vsss_sim/bullet_ws/install/sim_msgs/include/sim_msgs/sim_msgs/msg/detail/obj_data__struct.hpp
[0.555s] -- Up-to-date: /home/arepo/vsss_sim/bullet_ws/install/sim_msgs/include/sim_msgs/sim_msgs/msg/detail/low_cmd__struct.hpp
[0.555s] -- Up-to-date: /home/arepo/vsss_sim/bullet_ws/install/sim_msgs/include/sim_msgs/sim_msgs/msg/detail/obj_data__builder.hpp
[0.555s] -- Up-to-date: /home/arepo/vsss_sim/bullet_ws/install/sim_msgs/include/sim_msgs/sim_msgs/msg/detail/obj_data__type_support.hpp
[0.556s] -- Up-to-date: /home/arepo/vsss_sim/bullet_ws/install/sim_msgs/include/sim_msgs/sim_msgs/msg/detail/field_data__builder.hpp
[0.556s] -- Up-to-date: /home/arepo/vsss_sim/bullet_ws/install/sim_msgs/include/sim_msgs/sim_msgs/msg/detail/high_cmd__traits.hpp
[0.556s] -- Up-to-date: /home/arepo/vsss_sim/bullet_ws/install/sim_msgs/include/sim_msgs/sim_msgs/msg/detail/high_cmd__builder.hpp
[0.556s] -- Up-to-date: /home/arepo/vsss_sim/bullet_ws/install/sim_msgs/include/sim_msgs/sim_msgs/msg/detail/field_data__struct.hpp
[0.556s] -- Up-to-date: /home/arepo/vsss_sim/bullet_ws/install/sim_msgs/include/sim_msgs/sim_msgs/msg/detail/settings__struct.hpp
[0.556s] -- Up-to-date: /home/arepo/vsss_sim/bullet_ws/install/sim_msgs/include/sim_msgs/sim_msgs/msg/detail/settings__traits.hpp
[0.556s] -- Up-to-date: /home/arepo/vsss_sim/bullet_ws/install/sim_msgs/include/sim_msgs/sim_msgs/msg/high_cmd.hpp
[0.556s] -- Up-to-date: /home/arepo/vsss_sim/bullet_ws/install/sim_msgs/include/sim_msgs/sim_msgs/msg/rosidl_generator_cpp__visibility_control.hpp
[0.556s] -- Up-to-date: /home/arepo/vsss_sim/bullet_ws/install/sim_msgs/include/sim_msgs/sim_msgs/msg/field_data.hpp
[0.556s] -- Up-to-date: /home/arepo/vsss_sim/bullet_ws/install/sim_msgs/include/sim_msgs/sim_msgs/msg/obj_data.hpp
[0.556s] -- Up-to-date: /home/arepo/vsss_sim/bullet_ws/install/sim_msgs/include/sim_msgs/sim_msgs/msg/settings.hpp
[0.556s] -- Up-to-date: /home/arepo/vsss_sim/bullet_ws/install/sim_msgs/include/sim_msgs/sim_msgs
[0.556s] -- Up-to-date: /home/arepo/vsss_sim/bullet_ws/install/sim_msgs/include/sim_msgs/sim_msgs/srv
[0.556s] -- Up-to-date: /home/arepo/vsss_sim/bullet_ws/install/sim_msgs/include/sim_msgs/sim_msgs/srv/detail
[0.556s] -- Up-to-date: /home/arepo/vsss_sim/bullet_ws/install/sim_msgs/include/sim_msgs/sim_msgs/srv/detail/reset__rosidl_typesupport_fastrtps_cpp.hpp
[0.556s] -- Up-to-date: /home/arepo/vsss_sim/bullet_ws/install/sim_msgs/include/sim_msgs/sim_msgs/srv/detail/dds_fastrtps
[0.556s] -- Up-to-date: /home/arepo/vsss_sim/bullet_ws/install/sim_msgs/include/sim_msgs/sim_msgs/srv/detail/controller__rosidl_typesupport_fastrtps_cpp.hpp
[0.556s] -- Up-to-date: /home/arepo/vsss_sim/bullet_ws/install/sim_msgs/include/sim_msgs/sim_msgs/msg
[0.556s] -- Up-to-date: /home/arepo/vsss_sim/bullet_ws/install/sim_msgs/include/sim_msgs/sim_msgs/msg/detail
[0.556s] -- Up-to-date: /home/arepo/vsss_sim/bullet_ws/install/sim_msgs/include/sim_msgs/sim_msgs/msg/detail/settings__rosidl_typesupport_fastrtps_cpp.hpp
[0.556s] -- Up-to-date: /home/arepo/vsss_sim/bullet_ws/install/sim_msgs/include/sim_msgs/sim_msgs/msg/detail/dds_fastrtps
[0.556s] -- Up-to-date: /home/arepo/vsss_sim/bullet_ws/install/sim_msgs/include/sim_msgs/sim_msgs/msg/detail/field_data__rosidl_typesupport_fastrtps_cpp.hpp
[0.556s] -- Up-to-date: /home/arepo/vsss_sim/bullet_ws/install/sim_msgs/include/sim_msgs/sim_msgs/msg/detail/obj_data__rosidl_typesupport_fastrtps_cpp.hpp
[0.557s] -- Up-to-date: /home/arepo/vsss_sim/bullet_ws/install/sim_msgs/include/sim_msgs/sim_msgs/msg/detail/high_cmd__rosidl_typesupport_fastrtps_cpp.hpp
[0.557s] -- Up-to-date: /home/arepo/vsss_sim/bullet_ws/install/sim_msgs/include/sim_msgs/sim_msgs/msg/detail/low_cmd__rosidl_typesupport_fastrtps_cpp.hpp
[0.557s] -- Up-to-date: /home/arepo/vsss_sim/bullet_ws/install/sim_msgs/include/sim_msgs/sim_msgs/msg/rosidl_typesupport_fastrtps_cpp__visibility_control.h
[0.557s] -- Up-to-date: /home/arepo/vsss_sim/bullet_ws/install/sim_msgs/lib/libsim_msgs__rosidl_typesupport_fastrtps_cpp.so
[0.557s] -- Up-to-date: /home/arepo/vsss_sim/bullet_ws/install/sim_msgs/include/sim_msgs/sim_msgs
[0.557s] -- Up-to-date: /home/arepo/vsss_sim/bullet_ws/install/sim_msgs/include/sim_msgs/sim_msgs/srv
[0.557s] -- Up-to-date: /home/arepo/vsss_sim/bullet_ws/install/sim_msgs/include/sim_msgs/sim_msgs/srv/detail
[0.557s] -- Up-to-date: /home/arepo/vsss_sim/bullet_ws/install/sim_msgs/include/sim_msgs/sim_msgs/srv/detail/reset__type_support.cpp
[0.557s] -- Up-to-date: /home/arepo/vsss_sim/bullet_ws/install/sim_msgs/include/sim_msgs/sim_msgs/srv/detail/controller__rosidl_typesupport_introspection_cpp.hpp
[0.557s] -- Up-to-date: /home/arepo/vsss_sim/bullet_ws/install/sim_msgs/include/sim_msgs/sim_msgs/srv/detail/reset__rosidl_typesupport_introspection_cpp.hpp
[0.557s] -- Up-to-date: /home/arepo/vsss_sim/bullet_ws/install/sim_msgs/include/sim_msgs/sim_msgs/srv/detail/controller__type_support.cpp
[0.557s] -- Up-to-date: /home/arepo/vsss_sim/bullet_ws/install/sim_msgs/include/sim_msgs/sim_msgs/msg
[0.557s] -- Up-to-date: /home/arepo/vsss_sim/bullet_ws/install/sim_msgs/include/sim_msgs/sim_msgs/msg/detail
[0.557s] -- Up-to-date: /home/arepo/vsss_sim/bullet_ws/install/sim_msgs/include/sim_msgs/sim_msgs/msg/detail/high_cmd__type_support.cpp
[0.557s] -- Up-to-date: /home/arepo/vsss_sim/bullet_ws/install/sim_msgs/include/sim_msgs/sim_msgs/msg/detail/high_cmd__rosidl_typesupport_introspection_cpp.hpp
[0.557s] -- Up-to-date: /home/arepo/vsss_sim/bullet_ws/install/sim_msgs/include/sim_msgs/sim_msgs/msg/detail/field_data__rosidl_typesupport_introspection_cpp.hpp
[0.557s] -- Up-to-date: /home/arepo/vsss_sim/bullet_ws/install/sim_msgs/include/sim_msgs/sim_msgs/msg/detail/field_data__type_support.cpp
[0.557s] -- Up-to-date: /home/arepo/vsss_sim/bullet_ws/install/sim_msgs/include/sim_msgs/sim_msgs/msg/detail/settings__rosidl_typesupport_introspection_cpp.hpp
[0.557s] -- Up-to-date: /home/arepo/vsss_sim/bullet_ws/install/sim_msgs/include/sim_msgs/sim_msgs/msg/detail/low_cmd__type_support.cpp
[0.557s] -- Up-to-date: /home/arepo/vsss_sim/bullet_ws/install/sim_msgs/include/sim_msgs/sim_msgs/msg/detail/obj_data__rosidl_typesupport_introspection_cpp.hpp
[0.558s] -- Up-to-date: /home/arepo/vsss_sim/bullet_ws/install/sim_msgs/include/sim_msgs/sim_msgs/msg/detail/low_cmd__rosidl_typesupport_introspection_cpp.hpp
[0.558s] -- Up-to-date: /home/arepo/vsss_sim/bullet_ws/install/sim_msgs/include/sim_msgs/sim_msgs/msg/detail/settings__type_support.cpp
[0.558s] -- Up-to-date: /home/arepo/vsss_sim/bullet_ws/install/sim_msgs/include/sim_msgs/sim_msgs/msg/detail/obj_data__type_support.cpp
[0.558s] -- Up-to-date: /home/arepo/vsss_sim/bullet_ws/install/sim_msgs/lib/libsim_msgs__rosidl_typesupport_introspection_cpp.so
[0.558s] -- Up-to-date: /home/arepo/vsss_sim/bullet_ws/install/sim_msgs/lib/libsim_msgs__rosidl_typesupport_cpp.so
[0.558s] -- Up-to-date: /home/arepo/vsss_sim/bullet_ws/install/sim_msgs/share/sim_msgs/environment/pythonpath.sh
[0.558s] -- Up-to-date: /home/arepo/vsss_sim/bullet_ws/install/sim_msgs/share/sim_msgs/environment/pythonpath.dsv
[0.558s] -- Up-to-date: /home/arepo/vsss_sim/bullet_ws/install/sim_msgs/local/lib/python3.10/dist-packages/sim_msgs-0.0.0-py3.10.egg-info
[0.559s] -- Installing: /home/arepo/vsss_sim/bullet_ws/install/sim_msgs/local/lib/python3.10/dist-packages/sim_msgs-0.0.0-py3.10.egg-info/PKG-INFO
[0.559s] -- Installing: /home/arepo/vsss_sim/bullet_ws/install/sim_msgs/local/lib/python3.10/dist-packages/sim_msgs-0.0.0-py3.10.egg-info/dependency_links.txt
[0.559s] -- Installing: /home/arepo/vsss_sim/bullet_ws/install/sim_msgs/local/lib/python3.10/dist-packages/sim_msgs-0.0.0-py3.10.egg-info/top_level.txt
[0.559s] -- Installing: /home/arepo/vsss_sim/bullet_ws/install/sim_msgs/local/lib/python3.10/dist-packages/sim_msgs-0.0.0-py3.10.egg-info/SOURCES.txt
[0.559s] -- Up-to-date: /home/arepo/vsss_sim/bullet_ws/install/sim_msgs/local/lib/python3.10/dist-packages/sim_msgs
[0.559s] -- Up-to-date: /home/arepo/vsss_sim/bullet_ws/install/sim_msgs/local/lib/python3.10/dist-packages/sim_msgs/libsim_msgs__rosidl_generator_py.so
[0.560s] -- Up-to-date: /home/arepo/vsss_sim/bullet_ws/install/sim_msgs/local/lib/python3.10/dist-packages/sim_msgs/srv
[0.560s] -- Up-to-date: /home/arepo/vsss_sim/bullet_ws/install/sim_msgs/local/lib/python3.10/dist-packages/sim_msgs/srv/_controller_s.c
[0.560s] -- Up-to-date: /home/arepo/vsss_sim/bullet_ws/install/sim_msgs/local/lib/python3.10/dist-packages/sim_msgs/srv/__init__.py
[0.560s] -- Up-to-date: /home/arepo/vsss_sim/bullet_ws/install/sim_msgs/local/lib/python3.10/dist-packages/sim_msgs/srv/_reset_s.c
[0.560s] -- Up-to-date: /home/arepo/vsss_sim/bullet_ws/install/sim_msgs/local/lib/python3.10/dist-packages/sim_msgs/srv/_reset.py
[0.560s] -- Up-to-date: /home/arepo/vsss_sim/bullet_ws/install/sim_msgs/local/lib/python3.10/dist-packages/sim_msgs/srv/_controller.py
[0.560s] -- Up-to-date: /home/arepo/vsss_sim/bullet_ws/install/sim_msgs/local/lib/python3.10/dist-packages/sim_msgs/msg
[0.560s] -- Up-to-date: /home/arepo/vsss_sim/bullet_ws/install/sim_msgs/local/lib/python3.10/dist-packages/sim_msgs/msg/_low_cmd.py
[0.560s] -- Up-to-date: /home/arepo/vsss_sim/bullet_ws/install/sim_msgs/local/lib/python3.10/dist-packages/sim_msgs/msg/_obj_data.py
[0.560s] -- Up-to-date: /home/arepo/vsss_sim/bullet_ws/install/sim_msgs/local/lib/python3.10/dist-packages/sim_msgs/msg/_obj_data_s.c
[0.560s] -- Up-to-date: /home/arepo/vsss_sim/bullet_ws/install/sim_msgs/local/lib/python3.10/dist-packages/sim_msgs/msg/__init__.py
[0.560s] -- Up-to-date: /home/arepo/vsss_sim/bullet_ws/install/sim_msgs/local/lib/python3.10/dist-packages/sim_msgs/msg/_low_cmd_s.c
[0.560s] -- Up-to-date: /home/arepo/vsss_sim/bullet_ws/install/sim_msgs/local/lib/python3.10/dist-packages/sim_msgs/msg/_settings_s.c
[0.560s] -- Up-to-date: /home/arepo/vsss_sim/bullet_ws/install/sim_msgs/local/lib/python3.10/dist-packages/sim_msgs/msg/_settings.py
[0.560s] -- Up-to-date: /home/arepo/vsss_sim/bullet_ws/install/sim_msgs/local/lib/python3.10/dist-packages/sim_msgs/msg/_field_data_s.c
[0.560s] -- Up-to-date: /home/arepo/vsss_sim/bullet_ws/install/sim_msgs/local/lib/python3.10/dist-packages/sim_msgs/msg/_high_cmd.py
[0.561s] -- Up-to-date: /home/arepo/vsss_sim/bullet_ws/install/sim_msgs/local/lib/python3.10/dist-packages/sim_msgs/msg/_field_data.py
[0.561s] -- Up-to-date: /home/arepo/vsss_sim/bullet_ws/install/sim_msgs/local/lib/python3.10/dist-packages/sim_msgs/msg/_high_cmd_s.c
[0.561s] -- Up-to-date: /home/arepo/vsss_sim/bullet_ws/install/sim_msgs/local/lib/python3.10/dist-packages/sim_msgs/sim_msgs_s__rosidl_typesupport_c.cpython-310-x86_64-linux-gnu.so
[0.561s] -- Up-to-date: /home/arepo/vsss_sim/bullet_ws/install/sim_msgs/local/lib/python3.10/dist-packages/sim_msgs/_sim_msgs_s.ep.rosidl_typesupport_c.c
[0.561s] -- Up-to-date: /home/arepo/vsss_sim/bullet_ws/install/sim_msgs/local/lib/python3.10/dist-packages/sim_msgs/__init__.py
[0.561s] -- Up-to-date: /home/arepo/vsss_sim/bullet_ws/install/sim_msgs/local/lib/python3.10/dist-packages/sim_msgs/_sim_msgs_s.ep.rosidl_typesupport_fastrtps_c.c
[0.561s] -- Up-to-date: /home/arepo/vsss_sim/bullet_ws/install/sim_msgs/local/lib/python3.10/dist-packages/sim_msgs/sim_msgs_s__rosidl_typesupport_introspection_c.cpython-310-x86_64-linux-gnu.so
[0.561s] -- Up-to-date: /home/arepo/vsss_sim/bullet_ws/install/sim_msgs/local/lib/python3.10/dist-packages/sim_msgs/sim_msgs_s__rosidl_typesupport_fastrtps_c.cpython-310-x86_64-linux-gnu.so
[0.561s] -- Up-to-date: /home/arepo/vsss_sim/bullet_ws/install/sim_msgs/local/lib/python3.10/dist-packages/sim_msgs/_sim_msgs_s.ep.rosidl_typesupport_introspection_c.c
[0.590s] Listing '/home/arepo/vsss_sim/bullet_ws/install/sim_msgs/local/lib/python3.10/dist-packages/sim_msgs'...
[0.590s] Listing '/home/arepo/vsss_sim/bullet_ws/install/sim_msgs/local/lib/python3.10/dist-packages/sim_msgs/msg'...
[0.590s] Listing '/home/arepo/vsss_sim/bullet_ws/install/sim_msgs/local/lib/python3.10/dist-packages/sim_msgs/srv'...
[0.595s] -- Up-to-date: /home/arepo/vsss_sim/bullet_ws/install/sim_msgs/local/lib/python3.10/dist-packages/sim_msgs/sim_msgs_s__rosidl_typesupport_fastrtps_c.cpython-310-x86_64-linux-gnu.so
[0.596s] -- Up-to-date: /home/arepo/vsss_sim/bullet_ws/install/sim_msgs/local/lib/python3.10/dist-packages/sim_msgs/sim_msgs_s__rosidl_typesupport_introspection_c.cpython-310-x86_64-linux-gnu.so
[0.596s] -- Up-to-date: /home/arepo/vsss_sim/bullet_ws/install/sim_msgs/local/lib/python3.10/dist-packages/sim_msgs/sim_msgs_s__rosidl_typesupport_c.cpython-310-x86_64-linux-gnu.so
[0.597s] -- Up-to-date: /home/arepo/vsss_sim/bullet_ws/install/sim_msgs/lib/libsim_msgs__rosidl_generator_py.so
[0.597s] -- Up-to-date: /home/arepo/vsss_sim/bullet_ws/install/sim_msgs/share/sim_msgs/msg/LowCmd.idl
[0.597s] -- Up-to-date: /home/arepo/vsss_sim/bullet_ws/install/sim_msgs/share/sim_msgs/msg/HighCmd.idl
[0.597s] -- Up-to-date: /home/arepo/vsss_sim/bullet_ws/install/sim_msgs/share/sim_msgs/msg/ObjData.idl
[0.597s] -- Up-to-date: /home/arepo/vsss_sim/bullet_ws/install/sim_msgs/share/sim_msgs/msg/FieldData.idl
[0.597s] -- Up-to-date: /home/arepo/vsss_sim/bullet_ws/install/sim_msgs/share/sim_msgs/msg/Settings.idl
[0.597s] -- Up-to-date: /home/arepo/vsss_sim/bullet_ws/install/sim_msgs/share/sim_msgs/srv/Controller.idl
[0.597s] -- Up-to-date: /home/arepo/vsss_sim/bullet_ws/install/sim_msgs/share/sim_msgs/srv/Reset.idl
[0.597s] -- Up-to-date: /home/arepo/vsss_sim/bullet_ws/install/sim_msgs/share/sim_msgs/msg/LowCmd.msg
[0.597s] -- Up-to-date: /home/arepo/vsss_sim/bullet_ws/install/sim_msgs/share/sim_msgs/msg/HighCmd.msg
[0.597s] -- Up-to-date: /home/arepo/vsss_sim/bullet_ws/install/sim_msgs/share/sim_msgs/msg/ObjData.msg
[0.597s] -- Up-to-date: /home/arepo/vsss_sim/bullet_ws/install/sim_msgs/share/sim_msgs/msg/FieldData.msg
[0.597s] -- Up-to-date: /home/arepo/vsss_sim/bullet_ws/install/sim_msgs/share/sim_msgs/msg/Settings.msg
[0.597s] -- Up-to-date: /home/arepo/vsss_sim/bullet_ws/install/sim_msgs/share/sim_msgs/srv/Controller.srv
[0.597s] -- Up-to-date: /home/arepo/vsss_sim/bullet_ws/install/sim_msgs/share/sim_msgs/srv/Controller_Request.msg
[0.597s] -- Up-to-date: /home/arepo/vsss_sim/bullet_ws/install/sim_msgs/share/sim_msgs/srv/Controller_Response.msg
[0.598s] -- Up-to-date: /home/arepo/vsss_sim/bullet_ws/install/sim_msgs/share/sim_msgs/srv/Reset.srv
[0.598s] -- Up-to-date: /home/arepo/vsss_sim/bullet_ws/install/sim_msgs/share/sim_msgs/srv/Reset_Request.msg
[0.598s] -- Up-to-date: /home/arepo/vsss_sim/bullet_ws/install/sim_msgs/share/sim_msgs/srv/Reset_Response.msg
[0.598s] -- Up-to-date: /home/arepo/vsss_sim/bullet_ws/install/sim_msgs/share/ament_index/resource_index/package_run_dependencies/sim_msgs
[0.598s] -- Up-to-date: /home/arepo/vsss_sim/bullet_ws/install/sim_msgs/share/ament_index/resource_index/parent_prefix_path/sim_msgs
[0.598s] -- Up-to-date: /home/arepo/vsss_sim/bullet_ws/install/sim_msgs/share/sim_msgs/environment/ament_prefix_path.sh
[0.598s] -- Up-to-date: /home/arepo/vsss_sim/bullet_ws/install/sim_msgs/share/sim_msgs/environment/ament_prefix_path.dsv
[0.598s] -- Up-to-date: /home/arepo/vsss_sim/bullet_ws/install/sim_msgs/share/sim_msgs/environment/path.sh
[0.598s] -- Up-to-date: /home/arepo/vsss_sim/bullet_ws/install/sim_msgs/share/sim_msgs/environment/path.dsv
[0.598s] -- Up-to-date: /home/arepo/vsss_sim/bullet_ws/install/sim_msgs/share/sim_msgs/local_setup.bash
[0.598s] -- Up-to-date: /home/arepo/vsss_sim/bullet_ws/install/sim_msgs/share/sim_msgs/local_setup.sh
[0.598s] -- Up-to-date: /home/arepo/vsss_sim/bullet_ws/install/sim_msgs/share/sim_msgs/local_setup.zsh
[0.598s] -- Up-to-date: /home/arepo/vsss_sim/bullet_ws/install/sim_msgs/share/sim_msgs/local_setup.dsv
[0.598s] -- Installing: /home/arepo/vsss_sim/bullet_ws/install/sim_msgs/share/sim_msgs/package.dsv
[0.598s] -- Up-to-date: /home/arepo/vsss_sim/bullet_ws/install/sim_msgs/share/ament_index/resource_index/packages/sim_msgs
[0.599s] -- Up-to-date: /home/arepo/vsss_sim/bullet_ws/install/sim_msgs/share/sim_msgs/cmake/export_sim_msgs__rosidl_generator_cExport.cmake
[0.600s] -- Up-to-date: /home/arepo/vsss_sim/bullet_ws/install/sim_msgs/share/sim_msgs/cmake/export_sim_msgs__rosidl_generator_cExport-noconfig.cmake
[0.600s] -- Up-to-date: /home/arepo/vsss_sim/bullet_ws/install/sim_msgs/share/sim_msgs/cmake/export_sim_msgs__rosidl_typesupport_fastrtps_cExport.cmake
[0.600s] -- Up-to-date: /home/arepo/vsss_sim/bullet_ws/install/sim_msgs/share/sim_msgs/cmake/export_sim_msgs__rosidl_typesupport_fastrtps_cExport-noconfig.cmake
[0.601s] -- Up-to-date: /home/arepo/vsss_sim/bullet_ws/install/sim_msgs/share/sim_msgs/cmake/sim_msgs__rosidl_typesupport_introspection_cExport.cmake
[0.601s] -- Up-to-date: /home/arepo/vsss_sim/bullet_ws/install/sim_msgs/share/sim_msgs/cmake/sim_msgs__rosidl_typesupport_introspection_cExport-noconfig.cmake
[0.601s] -- Up-to-date: /home/arepo/vsss_sim/bullet_ws/install/sim_msgs/share/sim_msgs/cmake/sim_msgs__rosidl_typesupport_cExport.cmake
[0.601s] -- Up-to-date: /home/arepo/vsss_sim/bullet_ws/install/sim_msgs/share/sim_msgs/cmake/sim_msgs__rosidl_typesupport_cExport-noconfig.cmake
[0.601s] -- Up-to-date: /home/arepo/vsss_sim/bullet_ws/install/sim_msgs/share/sim_msgs/cmake/export_sim_msgs__rosidl_generator_cppExport.cmake
[0.601s] -- Up-to-date: /home/arepo/vsss_sim/bullet_ws/install/sim_msgs/share/sim_msgs/cmake/export_sim_msgs__rosidl_typesupport_fastrtps_cppExport.cmake
[0.601s] -- Up-to-date: /home/arepo/vsss_sim/bullet_ws/install/sim_msgs/share/sim_msgs/cmake/export_sim_msgs__rosidl_typesupport_fastrtps_cppExport-noconfig.cmake
[0.602s] -- Up-to-date: /home/arepo/vsss_sim/bullet_ws/install/sim_msgs/share/sim_msgs/cmake/sim_msgs__rosidl_typesupport_introspection_cppExport.cmake
[0.602s] -- Up-to-date: /home/arepo/vsss_sim/bullet_ws/install/sim_msgs/share/sim_msgs/cmake/sim_msgs__rosidl_typesupport_introspection_cppExport-noconfig.cmake
[0.603s] -- Up-to-date: /home/arepo/vsss_sim/bullet_ws/install/sim_msgs/share/sim_msgs/cmake/sim_msgs__rosidl_typesupport_cppExport.cmake
[0.603s] -- Up-to-date: /home/arepo/vsss_sim/bullet_ws/install/sim_msgs/share/sim_msgs/cmake/sim_msgs__rosidl_typesupport_cppExport-noconfig.cmake
[0.604s] -- Up-to-date: /home/arepo/vsss_sim/bullet_ws/install/sim_msgs/share/sim_msgs/cmake/export_sim_msgs__rosidl_generator_pyExport.cmake
[0.604s] -- Up-to-date: /home/arepo/vsss_sim/bullet_ws/install/sim_msgs/share/sim_msgs/cmake/export_sim_msgs__rosidl_generator_pyExport-noconfig.cmake
[0.604s] -- Up-to-date: /home/arepo/vsss_sim/bullet_ws/install/sim_msgs/share/sim_msgs/cmake/rosidl_cmake-extras.cmake
[0.604s] -- Up-to-date: /home/arepo/vsss_sim/bullet_ws/install/sim_msgs/share/sim_msgs/cmake/ament_cmake_export_include_directories-extras.cmake
[0.604s] -- Up-to-date: /home/arepo/vsss_sim/bullet_ws/install/sim_msgs/share/sim_msgs/cmake/ament_cmake_export_libraries-extras.cmake
[0.604s] -- Up-to-date: /home/arepo/vsss_sim/bullet_ws/install/sim_msgs/share/sim_msgs/cmake/ament_cmake_export_targets-extras.cmake
[0.604s] -- Up-to-date: /home/arepo/vsss_sim/bullet_ws/install/sim_msgs/share/sim_msgs/cmake/rosidl_cmake_export_typesupport_targets-extras.cmake
[0.604s] -- Up-to-date: /home/arepo/vsss_sim/bullet_ws/install/sim_msgs/share/sim_msgs/cmake/ament_cmake_export_dependencies-extras.cmake
[0.604s] -- Up-to-date: /home/arepo/vsss_sim/bullet_ws/install/sim_msgs/share/sim_msgs/cmake/rosidl_cmake_export_typesupport_libraries-extras.cmake
[0.605s] -- Up-to-date: /home/arepo/vsss_sim/bullet_ws/install/sim_msgs/share/sim_msgs/cmake/sim_msgsConfig.cmake
[0.605s] -- Up-to-date: /home/arepo/vsss_sim/bullet_ws/install/sim_msgs/share/sim_msgs/cmake/sim_msgsConfig-version.cmake
[0.605s] -- Up-to-date: /home/arepo/vsss_sim/bullet_ws/install/sim_msgs/share/sim_msgs/package.xml
[0.607s] Invoked command in '/home/arepo/vsss_sim/bullet_ws/build/sim_msgs' returned '0': CMAKE_PREFIX_PATH=${CMAKE_PREFIX_PATH}:/home/arepo/vsss_sim/bullet_ws/install/vision:/home/arepo/vsss_sim/bullet_ws/install/sim:/opt/ros/humble /home/arepo/.local/bin/cmake --install /home/arepo/vsss_sim/bullet_ws/build/sim_msgs
